[    14.946] (WW) Failed to open protocol names file lib/xorg/protocol.txt
[    14.947] 
X.Org X Server 1.20.3
X Protocol Version 11, Revision 0
[    14.947] Build Operating System: Linux Arch Linux
[    14.947] Current Operating System: Linux xxx 4.20.0-arch1-1-ARCH #1 SMP PREEMPT Mon Dec 24 03:00:40 UTC 2018 x86_64
[    14.948] Kernel command line: BOOT_IMAGE=/boot/vmlinuz-linux root=UUID=ec4bfc97-d602-4f1c-807c-ef72080d3de3 rw quiet
[    14.948] Build Date: 25 October 2018  04:42:32PM
[    14.948]  
[    14.949] Current version of pixman: 0.36.0
[    14.949] 	Before reporting problems, check http://wiki.x.org
	to make sure that you have the latest version.
[    14.949] Markers: (--) probed, (**) from config file, (==) default setting,
	(++) from command line, (!!) notice, (II) informational,
	(WW) warning, (EE) error, (NI) not implemented, (??) unknown.
[    14.951] (==) Log file: "/home/daniel/.local/share/xorg/Xorg.0.log", Time: Sat Jan 12 23:02:41 2019
[    14.960] (==) Using system config directory "/usr/share/X11/xorg.conf.d"
[    14.961] (==) No Layout section.  Using the first Screen section.
[    14.961] (==) No screen section available. Using defaults.
[    14.961] (**) |-->Screen "Default Screen Section" (0)
[    14.961] (**) |   |-->Monitor "<default monitor>"
[    14.963] (==) No monitor specified for screen "Default Screen Section".
	Using a default monitor configuration.
[    14.963] (==) Automatically adding devices
[    14.963] (==) Automatically enabling devices
[    14.963] (==) Automatically adding GPU devices
[    14.963] (==) Automatically binding GPU devices
[    14.963] (==) Max clients allowed: 256, resource mask: 0x1fffff
[    14.965] (WW) The directory "/usr/share/fonts/misc" does not exist.
[    14.965] 	Entry deleted from font path.
[    14.968] (WW) The directory "/usr/share/fonts/OTF" does not exist.
[    14.968] 	Entry deleted from font path.
[    14.968] (WW) The directory "/usr/share/fonts/Type1" does not exist.
[    14.968] 	Entry deleted from font path.
[    14.968] (WW) The directory "/usr/share/fonts/100dpi" does not exist.
[    14.968] 	Entry deleted from font path.
[    14.968] (WW) The directory "/usr/share/fonts/75dpi" does not exist.
[    14.968] 	Entry deleted from font path.
[    14.968] (==) FontPath set to:
	/usr/share/fonts/TTF
[    14.968] (==) ModulePath set to "/usr/lib/xorg/modules"
[    14.968] (II) The server relies on udev to provide the list of input devices.
	If no devices become available, reconfigure udev or disable AutoAddDevices.
[    14.968] (II) Module ABI versions:
[    14.968] 	X.Org ANSI C Emulation: 0.4
[    14.968] 	X.Org Video Driver: 24.0
[    14.968] 	X.Org XInput driver : 24.1
[    14.968] 	X.Org Server Extension : 10.0
[    14.970] (++) using VT number 1

[    14.975] (II) systemd-logind: took control of session /org/freedesktop/login1/session/_31
[    14.977] (II) xfree86: Adding drm device (/dev/dri/card0)
[    14.979] (II) systemd-logind: got fd for /dev/dri/card0 226:0 fd 10 paused 0
[    14.984] (--) PCI:*(0@0:2:0) 8086:0f31:8086:0f31 rev 14, Mem @ 0xd0000000/4194304, 0xc0000000/268435456, I/O @ 0x00001000/8, BIOS @ 0x????????/131072
[    14.984] (WW) Open ACPI failed (/var/run/acpid.socket) (No such file or directory)
[    14.984] (II) LoadModule: "glx"
[    14.988] (II) Loading /usr/lib/xorg/modules/extensions/libglx.so
[    15.007] (II) Module glx: vendor="X.Org Foundation"
[    15.007] 	compiled for 1.20.3, module version = 1.0.0
[    15.007] 	ABI class: X.Org Server Extension, version 10.0
[    15.007] (==) Matched intel as autoconfigured driver 0
[    15.007] (==) Matched modesetting as autoconfigured driver 1
[    15.007] (==) Matched fbdev as autoconfigured driver 2
[    15.007] (==) Matched vesa as autoconfigured driver 3
[    15.007] (==) Assigned the driver to the xf86ConfigLayout
[    15.007] (II) LoadModule: "intel"
[    15.008] (WW) Warning, couldn't open module intel
[    15.008] (EE) Failed to load module "intel" (module does not exist, 0)
[    15.008] (II) LoadModule: "modesetting"
[    15.008] (II) Loading /usr/lib/xorg/modules/drivers/modesetting_drv.so
[    15.014] (II) Module modesetting: vendor="X.Org Foundation"
[    15.014] 	compiled for 1.20.3, module version = 1.20.3
[    15.014] 	Module class: X.Org Video Driver
[    15.014] 	ABI class: X.Org Video Driver, version 24.0
[    15.014] (II) LoadModule: "fbdev"
[    15.015] (WW) Warning, couldn't open module fbdev
[    15.015] (EE) Failed to load module "fbdev" (module does not exist, 0)
[    15.015] (II) LoadModule: "vesa"
[    15.015] (WW) Warning, couldn't open module vesa
[    15.015] (EE) Failed to load module "vesa" (module does not exist, 0)
[    15.015] (II) modesetting: Driver for Modesetting Kernel Drivers: kms
[    15.015] (II) modeset(0): using drv /dev/dri/card0
[    15.016] (WW) VGA arbiter: cannot open kernel arbiter, no multi-card support
[    15.016] (II) modeset(0): Creating default Display subsection in Screen section
	"Default Screen Section" for depth/fbbpp 24/32
[    15.016] (==) modeset(0): Depth 24, (==) framebuffer bpp 32
[    15.016] (==) modeset(0): RGB weight 888
[    15.016] (==) modeset(0): Default visual is TrueColor
[    15.016] (II) Loading sub module "glamoregl"
[    15.016] (II) LoadModule: "glamoregl"
[    15.016] (II) Loading /usr/lib/xorg/modules/libglamoregl.so
[    15.041] (II) Module glamoregl: vendor="X.Org Foundation"
[    15.041] 	compiled for 1.20.3, module version = 1.0.1
[    15.041] 	ABI class: X.Org ANSI C Emulation, version 0.4
[    15.165] (II) modeset(0): glamor X acceleration enabled on Mesa DRI Intel(R) Bay Trail 
[    15.165] (II) modeset(0): glamor initialized
[    15.166] (II) modeset(0): Output eDP-1 has no monitor section
[    15.166] (II) modeset(0): Output DP-1 has no monitor section
[    15.168] (II) modeset(0): Output HDMI-1 has no monitor section
[    15.169] (II) modeset(0): EDID for output eDP-1
[    15.169] (II) modeset(0): Manufacturer: AUO  Model: 405c  Serial#: 0
[    15.169] (II) modeset(0): Year: 2015  Week: 0
[    15.169] (II) modeset(0): EDID Version: 1.4
[    15.169] (II) modeset(0): Digital Display Input
[    15.169] (II) modeset(0): 6 bits per channel
[    15.169] (II) modeset(0): Digital interface is DisplayPort
[    15.169] (II) modeset(0): Max Image Size [cm]: horiz.: 26  vert.: 14
[    15.169] (II) modeset(0): Gamma: 2.20
[    15.169] (II) modeset(0): No DPMS capabilities specified
[    15.170] (II) modeset(0): Supported color encodings: RGB 4:4:4 
[    15.170] (II) modeset(0): First detailed timing is preferred mode
[    15.170] (II) modeset(0): Preferred mode is native pixel format and refresh rate
[    15.170] (II) modeset(0): redX: 0.584 redY: 0.333   greenX: 0.338 greenY: 0.571
[    15.170] (II) modeset(0): blueX: 0.158 blueY: 0.133   whiteX: 0.313 whiteY: 0.329
[    15.170] (II) modeset(0): Manufacturer's mask: 0
[    15.170] (II) modeset(0): Supported detailed timing:
[    15.170] (II) modeset(0): clock: 69.3 MHz   Image Size:  256 x 144 mm
[    15.170] (II) modeset(0): h_active: 1366  h_sync: 1414  h_sync_end 1446 h_blank_end 1456 h_border: 0
[    15.170] (II) modeset(0): v_active: 768  v_sync: 772  v_sync_end 778 v_blanking: 793 v_border: 0
[    15.170] (II) modeset(0): Unknown vendor-specific block f
[    15.170] (II) modeset(0):  AUO
[    15.170] (II) modeset(0):  B116XAN04.0
[    15.170] (II) modeset(0): EDID (in hex):
[    15.170] (II) modeset(0): 	00ffffffffffff0006af5c4000000000
[    15.170] (II) modeset(0): 	00190104951a0e780299859555569228
[    15.170] (II) modeset(0): 	22505400000001010101010101010101
[    15.170] (II) modeset(0): 	010101010101121b565a500019303020
[    15.170] (II) modeset(0): 	46000090100000180000000f00000000
[    15.170] (II) modeset(0): 	00000000000000000020000000fe0041
[    15.170] (II) modeset(0): 	554f0a202020202020202020000000fe
[    15.170] (II) modeset(0): 	004231313658414e30342e30200a00c7
[    15.170] (II) modeset(0): Printing probed modes for output eDP-1
[    15.170] (II) modeset(0): Modeline "1366x768"x60.0   69.30  1366 1414 1446 1456  768 772 778 793 -hsync -vsync (47.6 kHz eP)
[    15.170] (II) modeset(0): Modeline "1280x720"x120.0  156.12  1280 1376 1512 1744  720 721 724 746 doublescan -hsync +vsync (89.5 kHz d)
[    15.170] (II) modeset(0): Modeline "1280x720"x120.0  120.75  1280 1304 1320 1360  720 721 724 740 doublescan +hsync -vsync (88.8 kHz d)
[    15.171] (II) modeset(0): Modeline "1280x720"x59.9   74.50  1280 1344 1472 1664  720 723 728 748 -hsync +vsync (44.8 kHz d)
[    15.171] (II) modeset(0): Modeline "1280x720"x59.7   63.75  1280 1328 1360 1440  720 723 728 741 +hsync -vsync (44.3 kHz d)
[    15.171] (II) modeset(0): Modeline "1024x768"x120.1  133.47  1024 1100 1212 1400  768 768 770 794 doublescan -hsync +vsync (95.3 kHz d)
[    15.171] (II) modeset(0): Modeline "1024x768"x60.0   65.00  1024 1048 1184 1344  768 771 777 806 -hsync -vsync (48.4 kHz d)
[    15.171] (II) modeset(0): Modeline "960x720"x120.0  117.00  960 1024 1128 1300  720 720 722 750 doublescan -hsync +vsync (90.0 kHz d)
[    15.171] (II) modeset(0): Modeline "928x696"x120.1  109.15  928 976 1088 1264  696 696 698 719 doublescan -hsync +vsync (86.4 kHz d)
[    15.171] (II) modeset(0): Modeline "896x672"x120.0  102.40  896 960 1060 1224  672 672 674 697 doublescan -hsync +vsync (83.7 kHz d)
[    15.171] (II) modeset(0): Modeline "1024x576"x119.9   98.50  1024 1092 1200 1376  576 577 580 597 doublescan -hsync +vsync (71.6 kHz d)
[    15.171] (II) modeset(0): Modeline "1024x576"x119.9   78.38  1024 1048 1064 1104  576 577 580 592 doublescan +hsync -vsync (71.0 kHz d)
[    15.171] (II) modeset(0): Modeline "1024x576"x59.9   46.50  1024 1064 1160 1296  576 579 584 599 -hsync +vsync (35.9 kHz d)
[    15.171] (II) modeset(0): Modeline "1024x576"x59.8   42.00  1024 1072 1104 1184  576 579 584 593 +hsync -vsync (35.5 kHz d)
[    15.171] (II) modeset(0): Modeline "960x600"x119.9   96.62  960 1028 1128 1296  600 601 604 622 doublescan -hsync +vsync (74.6 kHz d)
[    15.171] (II) modeset(0): Modeline "960x600"x120.0   77.00  960 984 1000 1040  600 601 604 617 doublescan +hsync -vsync (74.0 kHz d)
[    15.171] (II) modeset(0): Modeline "960x540"x119.9   86.50  960 1024 1124 1288  540 541 544 560 doublescan -hsync +vsync (67.2 kHz d)
[    15.171] (II) modeset(0): Modeline "960x540"x120.0   69.25  960 984 1000 1040  540 541 544 555 doublescan +hsync -vsync (66.6 kHz d)
[    15.171] (II) modeset(0): Modeline "960x540"x59.6   40.75  960 992 1088 1216  540 543 548 562 -hsync +vsync (33.5 kHz d)
[    15.171] (II) modeset(0): Modeline "960x540"x59.8   37.25  960 1008 1040 1120  540 543 548 556 +hsync -vsync (33.3 kHz d)
[    15.171] (II) modeset(0): Modeline "800x600"x120.0   81.00  800 832 928 1080  600 600 602 625 doublescan +hsync +vsync (75.0 kHz d)
[    15.171] (II) modeset(0): Modeline "800x600"x60.3   40.00  800 840 968 1056  600 601 605 628 +hsync +vsync (37.9 kHz d)
[    15.171] (II) modeset(0): Modeline "800x600"x56.2   36.00  800 824 896 1024  600 601 603 625 +hsync +vsync (35.2 kHz d)
[    15.171] (II) modeset(0): Modeline "840x525"x120.0   73.12  840 892 980 1120  525 526 529 544 doublescan -hsync +vsync (65.3 kHz d)
[    15.171] (II) modeset(0): Modeline "840x525"x119.8   59.50  840 864 880 920  525 526 529 540 doublescan +hsync -vsync (64.7 kHz d)
[    15.171] (II) modeset(0): Modeline "864x486"x59.9   32.50  864 888 968 1072  486 489 494 506 -hsync +vsync (30.3 kHz d)
[    15.171] (II) modeset(0): Modeline "864x486"x59.6   30.50  864 912 944 1024  486 489 494 500 +hsync -vsync (29.8 kHz d)
[    15.171] (II) modeset(0): Modeline "700x525"x120.0   61.00  700 744 820 940  525 526 532 541 doublescan +hsync +vsync (64.9 kHz d)
[    15.171] (II) modeset(0): Modeline "800x450"x119.9   59.12  800 848 928 1056  450 451 454 467 doublescan -hsync +vsync (56.0 kHz d)
[    15.171] (II) modeset(0): Modeline "800x450"x119.6   48.75  800 824 840 880  450 451 454 463 doublescan +hsync -vsync (55.4 kHz d)
[    15.171] (II) modeset(0): Modeline "640x512"x120.0   54.00  640 664 720 844  512 512 514 533 doublescan +hsync +vsync (64.0 kHz d)
[    15.171] (II) modeset(0): Modeline "700x450"x119.9   51.75  700 740 812 924  450 451 456 467 doublescan -hsync +vsync (56.0 kHz d)
[    15.171] (II) modeset(0): Modeline "700x450"x119.8   43.25  700 724 740 780  450 451 456 463 doublescan +hsync -vsync (55.4 kHz d)
[    15.171] (II) modeset(0): Modeline "640x480"x120.0   54.00  640 688 744 900  480 480 482 500 doublescan +hsync +vsync (60.0 kHz d)
[    15.171] (II) modeset(0): Modeline "640x480"x59.9   25.18  640 656 752 800  480 490 492 525 -hsync -vsync (31.5 kHz d)
[    15.171] (II) modeset(0): Modeline "720x405"x59.5   22.50  720 744 808 896  405 408 413 422 -hsync +vsync (25.1 kHz d)
[    15.171] (II) modeset(0): Modeline "720x405"x59.0   21.75  720 768 800 880  405 408 413 419 +hsync -vsync (24.7 kHz d)
[    15.171] (II) modeset(0): Modeline "684x384"x119.8   42.62  684 720 788 892  384 385 390 399 doublescan -hsync +vsync (47.8 kHz d)
[    15.171] (II) modeset(0): Modeline "684x384"x119.7   36.12  684 708 724 764  384 385 390 395 doublescan +hsync -vsync (47.3 kHz d)
[    15.171] (II) modeset(0): Modeline "640x400"x119.8   41.75  640 676 740 840  400 401 404 415 doublescan -hsync +vsync (49.7 kHz d)
[    15.171] (II) modeset(0): Modeline "640x400"x120.0   35.50  640 664 680 720  400 401 404 411 doublescan +hsync -vsync (49.3 kHz d)
[    15.171] (II) modeset(0): Modeline "640x360"x119.7   37.25  640 672 736 832  360 361 364 374 doublescan -hsync +vsync (44.8 kHz d)
[    15.172] (II) modeset(0): Modeline "640x360"x119.7   31.88  640 664 680 720  360 361 364 370 doublescan +hsync -vsync (44.3 kHz d)
[    15.172] (II) modeset(0): Modeline "640x360"x59.8   18.00  640 664 720 800  360 363 368 376 -hsync +vsync (22.5 kHz d)
[    15.172] (II) modeset(0): Modeline "640x360"x59.3   17.75  640 688 720 800  360 363 368 374 +hsync -vsync (22.2 kHz d)
[    15.172] (II) modeset(0): Modeline "512x384"x120.0   32.50  512 524 592 672  384 385 388 403 doublescan -hsync -vsync (48.4 kHz d)
[    15.172] (II) modeset(0): Modeline "512x288"x120.0   23.25  512 532 580 648  288 289 292 299 doublescan -hsync +vsync (35.9 kHz d)
[    15.172] (II) modeset(0): Modeline "512x288"x119.8   21.00  512 536 552 592  288 289 292 296 doublescan +hsync -vsync (35.5 kHz d)
[    15.172] (II) modeset(0): Modeline "480x270"x119.3   20.38  480 496 544 608  270 271 274 281 doublescan -hsync +vsync (33.5 kHz d)
[    15.172] (II) modeset(0): Modeline "480x270"x119.6   18.62  480 504 520 560  270 271 274 278 doublescan +hsync -vsync (33.3 kHz d)
[    15.172] (II) modeset(0): Modeline "400x300"x120.6   20.00  400 420 484 528  300 300 302 314 doublescan +hsync +vsync (37.9 kHz d)
[    15.172] (II) modeset(0): Modeline "400x300"x112.7   18.00  400 412 448 512  300 300 301 312 doublescan +hsync +vsync (35.2 kHz d)
[    15.172] (II) modeset(0): Modeline "432x243"x119.8   16.25  432 444 484 536  243 244 247 253 doublescan -hsync +vsync (30.3 kHz d)
[    15.172] (II) modeset(0): Modeline "432x243"x119.1   15.25  432 456 472 512  243 244 247 250 doublescan +hsync -vsync (29.8 kHz d)
[    15.172] (II) modeset(0): Modeline "320x240"x120.1   12.59  320 328 376 400  240 245 246 262 doublescan -hsync -vsync (31.5 kHz d)
[    15.172] (II) modeset(0): Modeline "360x202"x119.0   11.25  360 372 404 448  202 204 206 211 doublescan -hsync +vsync (25.1 kHz d)
[    15.172] (II) modeset(0): Modeline "360x202"x118.3   10.88  360 384 400 440  202 204 206 209 doublescan +hsync -vsync (24.7 kHz d)
[    15.172] (II) modeset(0): Modeline "320x180"x119.7    9.00  320 332 360 400  180 181 184 188 doublescan -hsync +vsync (22.5 kHz d)
[    15.172] (II) modeset(0): Modeline "320x180"x118.6    8.88  320 344 360 400  180 181 184 187 doublescan +hsync -vsync (22.2 kHz d)
[    15.172] (II) modeset(0): EDID for output DP-1
[    15.173] (II) modeset(0): EDID for output HDMI-1
[    15.173] (II) modeset(0): Output eDP-1 connected
[    15.173] (II) modeset(0): Output DP-1 disconnected
[    15.173] (II) modeset(0): Output HDMI-1 disconnected
[    15.173] (II) modeset(0): Using exact sizes for initial modes
[    15.173] (II) modeset(0): Output eDP-1 using initial mode 1366x768 +0+0
[    15.173] (==) modeset(0): Using gamma correction (1.0, 1.0, 1.0)
[    15.173] (==) modeset(0): DPI set to (96, 96)
[    15.173] (II) Loading sub module "fb"
[    15.173] (II) LoadModule: "fb"
[    15.174] (II) Loading /usr/lib/xorg/modules/libfb.so
[    15.176] (II) Module fb: vendor="X.Org Foundation"
[    15.176] 	compiled for 1.20.3, module version = 1.0.0
[    15.176] 	ABI class: X.Org ANSI C Emulation, version 0.4
[    15.211] (==) modeset(0): Backing store enabled
[    15.211] (==) modeset(0): Silken mouse disabled
[    15.272] (II) modeset(0): Initializing kms color map for depth 24, 8 bpc.
[    15.273] (==) modeset(0): DPMS enabled
[    15.277] (II) modeset(0): [DRI2] Setup complete
[    15.277] (II) modeset(0): [DRI2]   DRI driver: i965
[    15.277] (II) modeset(0): [DRI2]   VDPAU driver: i965
[    15.277] (II) Initializing extension Generic Event Extension
[    15.277] (II) Initializing extension SHAPE
[    15.278] (II) Initializing extension MIT-SHM
[    15.278] (II) Initializing extension XInputExtension
[    15.278] (II) Initializing extension XTEST
[    15.278] (II) Initializing extension BIG-REQUESTS
[    15.278] (II) Initializing extension SYNC
[    15.278] (II) Initializing extension XKEYBOARD
[    15.278] (II) Initializing extension XC-MISC
[    15.279] (II) Initializing extension SECURITY
[    15.279] (II) Initializing extension XFIXES
[    15.279] (II) Initializing extension RENDER
[    15.279] (II) Initializing extension RANDR
[    15.279] (II) Initializing extension COMPOSITE
[    15.279] (II) Initializing extension DAMAGE
[    15.279] (II) Initializing extension MIT-SCREEN-SAVER
[    15.280] (II) Initializing extension DOUBLE-BUFFER
[    15.280] (II) Initializing extension RECORD
[    15.280] (II) Initializing extension DPMS
[    15.280] (II) Initializing extension Present
[    15.280] (II) Initializing extension DRI3
[    15.280] (II) Initializing extension X-Resource
[    15.280] (II) Initializing extension XVideo
[    15.280] (II) Initializing extension XVideo-MotionCompensation
[    15.280] (II) Initializing extension GLX
[    15.291] (II) AIGLX: Loaded and initialized i965
[    15.291] (II) GLX: Initialized DRI2 GL provider for screen 0
[    15.291] (II) Initializing extension XFree86-VidModeExtension
[    15.291] (II) Initializing extension XFree86-DGA
[    15.291] (II) Initializing extension XFree86-DRI
[    15.291] (II) Initializing extension DRI2
[    15.336] (II) modeset(0): Damage tracking initialized
[    15.336] (II) modeset(0): Setting screen physical size to 361 x 203
[    15.468] (II) config/udev: Adding input device Power Button (/dev/input/event4)
[    15.468] (**) Power Button: Applying InputClass "libinput keyboard catchall"
[    15.468] (II) LoadModule: "libinput"
[    15.469] (II) Loading /usr/lib/xorg/modules/input/libinput_drv.so
[    15.483] (II) Module libinput: vendor="X.Org Foundation"
[    15.483] 	compiled for 1.20.1, module version = 0.28.1
[    15.483] 	Module class: X.Org XInput Driver
[    15.483] 	ABI class: X.Org XInput driver, version 24.1
[    15.483] (II) Using input driver 'libinput' for 'Power Button'
[    15.486] (II) systemd-logind: got fd for /dev/input/event4 13:68 fd 14 paused 0
[    15.486] (**) Power Button: always reports core events
[    15.486] (**) Option "Device" "/dev/input/event4"
[    15.486] (**) Option "_source" "server/udev"
[    15.497] (II) event4  - Power Button: is tagged by udev as: Keyboard
[    15.497] (II) event4  - Power Button: device is a keyboard
[    15.498] (II) event4  - Power Button: device removed
[    15.498] (**) Option "config_info" "udev:/sys/devices/LNXSYSTM:00/LNXPWRBN:00/input/input4/event4"
[    15.498] (II) XINPUT: Adding extended input device "Power Button" (type: KEYBOARD, id 6)
[    15.499] (II) event4  - Power Button: is tagged by udev as: Keyboard
[    15.499] (II) event4  - Power Button: device is a keyboard
[    15.501] (II) config/udev: Adding input device Power Button (/dev/input/event1)
[    15.501] (**) Power Button: Applying InputClass "libinput keyboard catchall"
[    15.501] (II) Using input driver 'libinput' for 'Power Button'
[    15.502] (II) systemd-logind: got fd for /dev/input/event1 13:65 fd 17 paused 0
[    15.503] (**) Power Button: always reports core events
[    15.503] (**) Option "Device" "/dev/input/event1"
[    15.503] (**) Option "_source" "server/udev"
[    15.506] (II) event1  - Power Button: is tagged by udev as: Keyboard
[    15.507] (II) event1  - Power Button: device is a keyboard
[    15.507] (II) event1  - Power Button: device removed
[    15.507] (**) Option "config_info" "udev:/sys/devices/LNXSYSTM:00/LNXSYBUS:00/PNP0C0C:00/input/input1/event1"
[    15.507] (II) XINPUT: Adding extended input device "Power Button" (type: KEYBOARD, id 7)
[    15.511] (II) event1  - Power Button: is tagged by udev as: Keyboard
[    15.511] (II) event1  - Power Button: device is a keyboard
[    15.513] (II) config/udev: Adding input device Lid Switch (/dev/input/event0)
[    15.513] (II) No input driver specified, ignoring this device.
[    15.513] (II) This device may have been added with another device file.
[    15.515] (II) config/udev: Adding input device Sleep Button (/dev/input/event2)
[    15.515] (**) Sleep Button: Applying InputClass "libinput keyboard catchall"
[    15.515] (II) Using input driver 'libinput' for 'Sleep Button'
[    15.518] (II) systemd-logind: got fd for /dev/input/event2 13:66 fd 18 paused 0
[    15.518] (**) Sleep Button: always reports core events
[    15.518] (**) Option "Device" "/dev/input/event2"
[    15.518] (**) Option "_source" "server/udev"
[    15.519] (II) event2  - Sleep Button: is tagged by udev as: Keyboard
[    15.520] (II) event2  - Sleep Button: device is a keyboard
[    15.520] (II) event2  - Sleep Button: device removed
[    15.520] (**) Option "config_info" "udev:/sys/devices/LNXSYSTM:00/LNXSYBUS:00/PNP0C0E:00/input/input2/event2"
[    15.520] (II) XINPUT: Adding extended input device "Sleep Button" (type: KEYBOARD, id 8)
[    15.522] (II) event2  - Sleep Button: is tagged by udev as: Keyboard
[    15.522] (II) event2  - Sleep Button: device is a keyboard
[    15.523] (II) config/udev: Adding input device Sleep Button (/dev/input/event3)
[    15.523] (**) Sleep Button: Applying InputClass "libinput keyboard catchall"
[    15.523] (II) Using input driver 'libinput' for 'Sleep Button'
[    15.525] (II) systemd-logind: got fd for /dev/input/event3 13:67 fd 19 paused 0
[    15.525] (**) Sleep Button: always reports core events
[    15.525] (**) Option "Device" "/dev/input/event3"
[    15.525] (**) Option "_source" "server/udev"
[    15.528] (II) event3  - Sleep Button: is tagged by udev as: Keyboard
[    15.528] (II) event3  - Sleep Button: device is a keyboard
[    15.528] (II) event3  - Sleep Button: device removed
[    15.529] (**) Option "config_info" "udev:/sys/devices/LNXSYSTM:00/LNXSYBUS:00/PNP0C0E:01/input/input3/event3"
[    15.529] (II) XINPUT: Adding extended input device "Sleep Button" (type: KEYBOARD, id 9)
[    15.532] (II) event3  - Sleep Button: is tagged by udev as: Keyboard
[    15.532] (II) event3  - Sleep Button: device is a keyboard
[    15.535] (II) config/udev: Adding input device HD WebCam: HD WebCam (/dev/input/event8)
[    15.535] (**) HD WebCam: HD WebCam: Applying InputClass "libinput keyboard catchall"
[    15.535] (II) Using input driver 'libinput' for 'HD WebCam: HD WebCam'
[    15.537] (II) systemd-logind: got fd for /dev/input/event8 13:72 fd 20 paused 0
[    15.537] (**) HD WebCam: HD WebCam: always reports core events
[    15.537] (**) Option "Device" "/dev/input/event8"
[    15.537] (**) Option "_source" "server/udev"
[    15.540] (II) event8  - HD WebCam: HD WebCam: is tagged by udev as: Keyboard
[    15.540] (II) event8  - HD WebCam: HD WebCam: device is a keyboard
[    15.541] (II) event8  - HD WebCam: HD WebCam: device removed
[    15.541] (**) Option "config_info" "udev:/sys/devices/pci0000:00/0000:00:14.0/usb1/1-3/1-3:1.0/input/input8/event8"
[    15.541] (II) XINPUT: Adding extended input device "HD WebCam: HD WebCam" (type: KEYBOARD, id 10)
[    15.544] (II) event8  - HD WebCam: HD WebCam: is tagged by udev as: Keyboard
[    15.544] (II) event8  - HD WebCam: HD WebCam: device is a keyboard
[    15.545] (II) config/udev: Adding input device HDA Intel PCH HDMI/DP,pcm=3 (/dev/input/event10)
[    15.545] (II) No input driver specified, ignoring this device.
[    15.545] (II) This device may have been added with another device file.
[    15.545] (II) config/udev: Adding input device HDA Intel PCH HDMI/DP,pcm=7 (/dev/input/event11)
[    15.545] (II) No input driver specified, ignoring this device.
[    15.545] (II) This device may have been added with another device file.
[    15.546] (II) config/udev: Adding input device chtmax98090 Headset Jack (/dev/input/event9)
[    15.546] (II) No input driver specified, ignoring this device.
[    15.546] (II) This device may have been added with another device file.
[    15.548] (II) config/udev: Adding input device Elan Touchpad (/dev/input/event6)
[    15.548] (**) Elan Touchpad: Applying InputClass "libinput touchpad catchall"
[    15.548] (II) Using input driver 'libinput' for 'Elan Touchpad'
[    15.549] (II) systemd-logind: got fd for /dev/input/event6 13:70 fd 21 paused 0
[    15.549] (**) Elan Touchpad: always reports core events
[    15.549] (**) Option "Device" "/dev/input/event6"
[    15.550] (**) Option "_source" "server/udev"
[    15.551] (II) event6  - Elan Touchpad: is tagged by udev as: Touchpad
[    15.552] (II) event6  - Elan Touchpad: device is a touchpad
[    15.552] (II) event6  - Elan Touchpad: device removed
[    15.553] (**) Option "config_info" "udev:/sys/devices/platform/80860F41:00/i2c-0/i2c-ELAN0000:00/input/input6/event6"
[    15.553] (II) XINPUT: Adding extended input device "Elan Touchpad" (type: TOUCHPAD, id 11)
[    15.554] (**) Option "AccelerationScheme" "none"
[    15.554] (**) Elan Touchpad: (accel) selected scheme none/0
[    15.554] (**) Elan Touchpad: (accel) acceleration factor: 2.000
[    15.554] (**) Elan Touchpad: (accel) acceleration threshold: 4
[    15.555] (II) event6  - Elan Touchpad: is tagged by udev as: Touchpad
[    15.556] (II) event6  - Elan Touchpad: device is a touchpad
[    15.557] (II) config/udev: Adding input device Elan Touchpad (/dev/input/mouse0)
[    15.558] (II) No input driver specified, ignoring this device.
[    15.558] (II) This device may have been added with another device file.
[    15.559] (II) config/udev: Adding input device AT Translated Set 2 keyboard (/dev/input/event5)
[    15.559] (**) AT Translated Set 2 keyboard: Applying InputClass "libinput keyboard catchall"
[    15.559] (II) Using input driver 'libinput' for 'AT Translated Set 2 keyboard'
[    15.561] (II) systemd-logind: got fd for /dev/input/event5 13:69 fd 22 paused 0
[    15.561] (**) AT Translated Set 2 keyboard: always reports core events
[    15.561] (**) Option "Device" "/dev/input/event5"
[    15.561] (**) Option "_source" "server/udev"
[    15.563] (II) event5  - AT Translated Set 2 keyboard: is tagged by udev as: Keyboard
[    15.563] (II) event5  - AT Translated Set 2 keyboard: device is a keyboard
[    15.563] (II) event5  - AT Translated Set 2 keyboard: device removed
[    15.563] (**) Option "config_info" "udev:/sys/devices/platform/i8042/serio0/input/input5/event5"
[    15.563] (II) XINPUT: Adding extended input device "AT Translated Set 2 keyboard" (type: KEYBOARD, id 12)
[    15.565] (II) event5  - AT Translated Set 2 keyboard: is tagged by udev as: Keyboard
[    15.565] (II) event5  - AT Translated Set 2 keyboard: device is a keyboard
[    15.567] (II) config/udev: Adding input device PC Speaker (/dev/input/event7)
[    15.567] (II) No input driver specified, ignoring this device.
[    15.567] (II) This device may have been added with another device file.
[    15.964] (II) modeset(0): EDID vendor "AUO", prod id 16476
[    15.964] (II) modeset(0): Printing DDC gathered Modelines:
[    15.964] (II) modeset(0): Modeline "1366x768"x0.0   69.30  1366 1414 1446 1456  768 772 778 793 -hsync -vsync (47.6 kHz eP)
[   199.855] (EE) event6  - Elan Touchpad: kernel bug: Touch jump detected and discarded.
See https://wayland.freedesktop.org/libinput/doc/1.12.4/touchpad-jumping-cursors.html for details
[  4790.147] (EE) event6  - Elan Touchpad: kernel bug: Touch jump detected and discarded.
See https://wayland.freedesktop.org/libinput/doc/1.12.4/touchpad-jumping-cursors.html for details
[  6432.340] (EE) event6  - Elan Touchpad: kernel bug: Touch jump detected and discarded.
See https://wayland.freedesktop.org/libinput/doc/1.12.4/touchpad-jumping-cursors.html for details
[  8775.800] (EE) event6  - Elan Touchpad: kernel bug: Touch jump detected and discarded.
See https://wayland.freedesktop.org/libinput/doc/1.12.4/touchpad-jumping-cursors.html for details
[ 10153.179] (EE) event6  - Elan Touchpad: kernel bug: Touch jump detected and discarded.
See https://wayland.freedesktop.org/libinput/doc/1.12.4/touchpad-jumping-cursors.html for details
