[   196.613] (WW) Failed to open protocol names file lib/xorg/protocol.txt
[   196.613] 
X.Org X Server 1.20.5
X Protocol Version 11, Revision 0
[   196.613] Build Operating System: Linux Arch Linux
[   196.613] Current Operating System: Linux xxx 5.1.16-arch1-1-ARCH #1 SMP PREEMPT Wed Jul 3 20:23:07 UTC 2019 x86_64
[   196.613] Kernel command line: \\boot\vmlinuz-linux ro root=UUID=1ad9c024-10dc-420c-803f-fbaa3381045c initrd=\boot\intel-ucode.img initrd=\boot\initramfs-linux.img
[   196.614] Build Date: 30 June 2019  09:52:01AM
[   196.614]  
[   196.614] Current version of pixman: 0.38.4
[   196.614] 	Before reporting problems, check http://wiki.x.org
	to make sure that you have the latest version.
[   196.614] Markers: (--) probed, (**) from config file, (==) default setting,
	(++) from command line, (!!) notice, (II) informational,
	(WW) warning, (EE) error, (NI) not implemented, (??) unknown.
[   196.614] (==) Log file: "/home/daniel/.local/share/xorg/Xorg.1.log", Time: Thu Jul 11 18:18:56 2019
[   196.614] (==) Using system config directory "/usr/share/X11/xorg.conf.d"
[   196.614] (==) No Layout section.  Using the first Screen section.
[   196.614] (==) No screen section available. Using defaults.
[   196.614] (**) |-->Screen "Default Screen Section" (0)
[   196.615] (**) |   |-->Monitor "<default monitor>"
[   196.615] (==) No monitor specified for screen "Default Screen Section".
	Using a default monitor configuration.
[   196.615] (==) Automatically adding devices
[   196.615] (==) Automatically enabling devices
[   196.615] (==) Automatically adding GPU devices
[   196.615] (==) Automatically binding GPU devices
[   196.615] (==) Max clients allowed: 256, resource mask: 0x1fffff
[   196.615] (WW) `fonts.dir' not found (or not valid) in "/usr/share/fonts/misc".
[   196.615] 	Entry deleted from font path.
[   196.615] 	(Run 'mkfontdir' on "/usr/share/fonts/misc").
[   196.615] (WW) The directory "/usr/share/fonts/TTF" does not exist.
[   196.615] 	Entry deleted from font path.
[   196.615] (WW) The directory "/usr/share/fonts/OTF" does not exist.
[   196.615] 	Entry deleted from font path.
[   196.615] (WW) The directory "/usr/share/fonts/Type1" does not exist.
[   196.615] 	Entry deleted from font path.
[   196.615] (==) FontPath set to:
	/usr/share/fonts/100dpi,
	/usr/share/fonts/75dpi
[   196.615] (==) ModulePath set to "/usr/lib/xorg/modules"
[   196.615] (II) The server relies on udev to provide the list of input devices.
	If no devices become available, reconfigure udev or disable AutoAddDevices.
[   196.615] (II) Module ABI versions:
[   196.615] 	X.Org ANSI C Emulation: 0.4
[   196.615] 	X.Org Video Driver: 24.0
[   196.615] 	X.Org XInput driver : 24.1
[   196.615] 	X.Org Server Extension : 10.0
[   196.616] (++) using VT number 2

[   196.618] (II) systemd-logind: took control of session /org/freedesktop/login1/session/_33
[   196.618] (II) xfree86: Adding drm device (/dev/dri/card0)
[   196.619] (II) systemd-logind: got fd for /dev/dri/card0 226:0 fd 10 paused 0
[   196.621] (--) PCI:*(0@0:2:0) 8086:1616:1028:062a rev 9, Mem @ 0xf6000000/16777216, 0xe0000000/268435456, I/O @ 0x0000f000/64, BIOS @ 0x????????/131072
[   196.621] (WW) Open ACPI failed (/var/run/acpid.socket) (No such file or directory)
[   196.621] (II) LoadModule: "glx"
[   196.622] (II) Loading /usr/lib/xorg/modules/extensions/libglx.so
[   196.623] (II) Module glx: vendor="X.Org Foundation"
[   196.623] 	compiled for 1.20.5, module version = 1.0.0
[   196.623] 	ABI class: X.Org Server Extension, version 10.0
[   196.623] (==) Matched intel as autoconfigured driver 0
[   196.623] (==) Matched modesetting as autoconfigured driver 1
[   196.623] (==) Matched fbdev as autoconfigured driver 2
[   196.623] (==) Matched vesa as autoconfigured driver 3
[   196.623] (==) Assigned the driver to the xf86ConfigLayout
[   196.623] (II) LoadModule: "intel"
[   196.624] (WW) Warning, couldn't open module intel
[   196.624] (EE) Failed to load module "intel" (module does not exist, 0)
[   196.624] (II) LoadModule: "modesetting"
[   196.624] (II) Loading /usr/lib/xorg/modules/drivers/modesetting_drv.so
[   196.624] (II) Module modesetting: vendor="X.Org Foundation"
[   196.624] 	compiled for 1.20.5, module version = 1.20.5
[   196.624] 	Module class: X.Org Video Driver
[   196.624] 	ABI class: X.Org Video Driver, version 24.0
[   196.624] (II) LoadModule: "fbdev"
[   196.624] (WW) Warning, couldn't open module fbdev
[   196.624] (EE) Failed to load module "fbdev" (module does not exist, 0)
[   196.624] (II) LoadModule: "vesa"
[   196.624] (II) Loading /usr/lib/xorg/modules/drivers/vesa_drv.so
[   196.624] (II) Module vesa: vendor="X.Org Foundation"
[   196.625] 	compiled for 1.20.0, module version = 2.4.0
[   196.625] 	Module class: X.Org Video Driver
[   196.625] 	ABI class: X.Org Video Driver, version 24.0
[   196.625] (II) modesetting: Driver for Modesetting Kernel Drivers: kms
[   196.625] (II) VESA: driver for VESA chipsets: vesa
[   196.625] xf86EnableIOPorts: failed to set IOPL for I/O (Operation not permitted)
[   196.625] (II) modeset(0): using drv /dev/dri/card0
[   196.625] (WW) VGA arbiter: cannot open kernel arbiter, no multi-card support
[   196.625] (II) modeset(0): Creating default Display subsection in Screen section
	"Default Screen Section" for depth/fbbpp 24/32
[   196.625] (==) modeset(0): Depth 24, (==) framebuffer bpp 32
[   196.625] (==) modeset(0): RGB weight 888
[   196.625] (==) modeset(0): Default visual is TrueColor
[   196.625] (II) Loading sub module "glamoregl"
[   196.625] (II) LoadModule: "glamoregl"
[   196.625] (II) Loading /usr/lib/xorg/modules/libglamoregl.so
[   196.629] (II) Module glamoregl: vendor="X.Org Foundation"
[   196.629] 	compiled for 1.20.5, module version = 1.0.1
[   196.629] 	ABI class: X.Org ANSI C Emulation, version 0.4
[   196.648] (II) modeset(0): glamor X acceleration enabled on Mesa DRI Intel(R) HD Graphics 5500 (Broadwell GT2) 
[   196.648] (II) modeset(0): glamor initialized
[   196.649] (II) modeset(0): Output eDP-1 has no monitor section
[   196.650] (II) modeset(0): Output DP-1 has no monitor section
[   196.651] (II) modeset(0): Output HDMI-1 has no monitor section
[   196.651] (II) modeset(0): Output DP-2 has no monitor section
[   196.652] (II) modeset(0): Output HDMI-2 has no monitor section
[   196.654] (II) modeset(0): EDID for output eDP-1
[   196.654] (II) modeset(0): Manufacturer: LGD  Model: 450  Serial#: 0
[   196.654] (II) modeset(0): Year: 2014  Week: 0
[   196.654] (II) modeset(0): EDID Version: 1.4
[   196.654] (II) modeset(0): Digital Display Input
[   196.654] (II) modeset(0): 6 bits per channel
[   196.654] (II) modeset(0): Digital interface is DisplayPort
[   196.654] (II) modeset(0): Max Image Size [cm]: horiz.: 28  vert.: 16
[   196.654] (II) modeset(0): Gamma: 2.20
[   196.654] (II) modeset(0): No DPMS capabilities specified
[   196.654] (II) modeset(0): Supported color encodings: RGB 4:4:4 YCrCb 4:4:4 
[   196.654] (II) modeset(0): First detailed timing is preferred mode
[   196.654] (II) modeset(0): Preferred mode is native pixel format and refresh rate
[   196.654] (II) modeset(0): redX: 0.580 redY: 0.345   greenX: 0.335 greenY: 0.565
[   196.654] (II) modeset(0): blueX: 0.160 blueY: 0.110   whiteX: 0.313 whiteY: 0.329
[   196.654] (II) modeset(0): Manufacturer's mask: 0
[   196.654] (II) modeset(0): Supported detailed timing:
[   196.654] (II) modeset(0): clock: 72.5 MHz   Image Size:  277 x 156 mm
[   196.654] (II) modeset(0): h_active: 1366  h_sync: 1398  h_sync_end 1430 h_blank_end 1526 h_border: 0
[   196.654] (II) modeset(0): v_active: 768  v_sync: 770  v_sync_end 774 v_blanking: 792 v_border: 0
[   196.654] (II) modeset(0): Supported detailed timing:
[   196.654] (II) modeset(0): clock: 58.0 MHz   Image Size:  277 x 156 mm
[   196.654] (II) modeset(0): h_active: 1366  h_sync: 1398  h_sync_end 1430 h_blank_end 1526 h_border: 0
[   196.654] (II) modeset(0): v_active: 768  v_sync: 770  v_sync_end 774 v_blanking: 792 v_border: 0
[   196.654] (II) modeset(0):  T6T7K€125WH2
[   196.654] (II) modeset(0): Unknown vendor-specific block 0
[   196.654] (II) modeset(0): EDID (in hex):
[   196.654] (II) modeset(0): 	00ffffffffffff0030e4500400000000
[   196.654] (II) modeset(0): 	00180104951c10780a9f159458559029
[   196.654] (II) modeset(0): 	1c505400000001010101010101010101
[   196.654] (II) modeset(0): 	010101010101521c56a0500018302020
[   196.654] (II) modeset(0): 	2400159c1000001aa81656a050001830
[   196.654] (II) modeset(0): 	20202400159c1000001a000000fe0054
[   196.654] (II) modeset(0): 	3654374b803132355748320a00000000
[   196.654] (II) modeset(0): 	00004131940000000009010a2020004f
[   196.655] (II) modeset(0): Printing probed modes for output eDP-1
[   196.655] (II) modeset(0): Modeline "1366x768"x60.0   72.50  1366 1398 1430 1526  768 770 774 792 +hsync -vsync (47.5 kHz eP)
[   196.655] (II) modeset(0): Modeline "1366x768"x48.0   58.00  1366 1398 1430 1526  768 770 774 792 +hsync -vsync (38.0 kHz e)
[   196.655] (II) modeset(0): Modeline "1280x720"x120.0  156.12  1280 1376 1512 1744  720 721 724 746 doublescan -hsync +vsync (89.5 kHz d)
[   196.655] (II) modeset(0): Modeline "1280x720"x120.0  120.75  1280 1304 1320 1360  720 721 724 740 doublescan +hsync -vsync (88.8 kHz d)
[   196.655] (II) modeset(0): Modeline "1280x720"x59.9   74.50  1280 1344 1472 1664  720 723 728 748 -hsync +vsync (44.8 kHz d)
[   196.655] (II) modeset(0): Modeline "1280x720"x59.7   63.75  1280 1328 1360 1440  720 723 728 741 +hsync -vsync (44.3 kHz d)
[   196.655] (II) modeset(0): Modeline "1024x768"x120.1  133.47  1024 1100 1212 1400  768 768 770 794 doublescan -hsync +vsync (95.3 kHz d)
[   196.655] (II) modeset(0): Modeline "1024x768"x60.0   65.00  1024 1048 1184 1344  768 771 777 806 -hsync -vsync (48.4 kHz d)
[   196.655] (II) modeset(0): Modeline "960x720"x120.0  117.00  960 1024 1128 1300  720 720 722 750 doublescan -hsync +vsync (90.0 kHz d)
[   196.655] (II) modeset(0): Modeline "928x696"x120.1  109.15  928 976 1088 1264  696 696 698 719 doublescan -hsync +vsync (86.4 kHz d)
[   196.655] (II) modeset(0): Modeline "896x672"x120.0  102.40  896 960 1060 1224  672 672 674 697 doublescan -hsync +vsync (83.7 kHz d)
[   196.655] (II) modeset(0): Modeline "1024x576"x119.9   98.50  1024 1092 1200 1376  576 577 580 597 doublescan -hsync +vsync (71.6 kHz d)
[   196.655] (II) modeset(0): Modeline "1024x576"x119.9   78.38  1024 1048 1064 1104  576 577 580 592 doublescan +hsync -vsync (71.0 kHz d)
[   196.655] (II) modeset(0): Modeline "1024x576"x59.9   46.50  1024 1064 1160 1296  576 579 584 599 -hsync +vsync (35.9 kHz d)
[   196.655] (II) modeset(0): Modeline "1024x576"x59.8   42.00  1024 1072 1104 1184  576 579 584 593 +hsync -vsync (35.5 kHz d)
[   196.655] (II) modeset(0): Modeline "960x600"x119.9   96.62  960 1028 1128 1296  600 601 604 622 doublescan -hsync +vsync (74.6 kHz d)
[   196.655] (II) modeset(0): Modeline "960x600"x120.0   77.00  960 984 1000 1040  600 601 604 617 doublescan +hsync -vsync (74.0 kHz d)
[   196.655] (II) modeset(0): Modeline "960x540"x119.9   86.50  960 1024 1124 1288  540 541 544 560 doublescan -hsync +vsync (67.2 kHz d)
[   196.655] (II) modeset(0): Modeline "960x540"x120.0   69.25  960 984 1000 1040  540 541 544 555 doublescan +hsync -vsync (66.6 kHz d)
[   196.655] (II) modeset(0): Modeline "960x540"x59.6   40.75  960 992 1088 1216  540 543 548 562 -hsync +vsync (33.5 kHz d)
[   196.655] (II) modeset(0): Modeline "960x540"x59.8   37.25  960 1008 1040 1120  540 543 548 556 +hsync -vsync (33.3 kHz d)
[   196.655] (II) modeset(0): Modeline "800x600"x120.0   81.00  800 832 928 1080  600 600 602 625 doublescan +hsync +vsync (75.0 kHz d)
[   196.655] (II) modeset(0): Modeline "800x600"x60.3   40.00  800 840 968 1056  600 601 605 628 +hsync +vsync (37.9 kHz d)
[   196.655] (II) modeset(0): Modeline "800x600"x56.2   36.00  800 824 896 1024  600 601 603 625 +hsync +vsync (35.2 kHz d)
[   196.655] (II) modeset(0): Modeline "840x525"x120.0   73.12  840 892 980 1120  525 526 529 544 doublescan -hsync +vsync (65.3 kHz d)
[   196.655] (II) modeset(0): Modeline "840x525"x119.8   59.50  840 864 880 920  525 526 529 540 doublescan +hsync -vsync (64.7 kHz d)
[   196.655] (II) modeset(0): Modeline "864x486"x59.9   32.50  864 888 968 1072  486 489 494 506 -hsync +vsync (30.3 kHz d)
[   196.655] (II) modeset(0): Modeline "864x486"x59.6   30.50  864 912 944 1024  486 489 494 500 +hsync -vsync (29.8 kHz d)
[   196.655] (II) modeset(0): Modeline "700x525"x120.0   61.00  700 744 820 940  525 526 532 541 doublescan +hsync +vsync (64.9 kHz d)
[   196.655] (II) modeset(0): Modeline "800x450"x119.9   59.12  800 848 928 1056  450 451 454 467 doublescan -hsync +vsync (56.0 kHz d)
[   196.655] (II) modeset(0): Modeline "800x450"x119.6   48.75  800 824 840 880  450 451 454 463 doublescan +hsync -vsync (55.4 kHz d)
[   196.655] (II) modeset(0): Modeline "640x512"x120.0   54.00  640 664 720 844  512 512 514 533 doublescan +hsync +vsync (64.0 kHz d)
[   196.655] (II) modeset(0): Modeline "700x450"x119.9   51.75  700 740 812 924  450 451 456 467 doublescan -hsync +vsync (56.0 kHz d)
[   196.655] (II) modeset(0): Modeline "700x450"x119.8   43.25  700 724 740 780  450 451 456 463 doublescan +hsync -vsync (55.4 kHz d)
[   196.655] (II) modeset(0): Modeline "640x480"x120.0   54.00  640 688 744 900  480 480 482 500 doublescan +hsync +vsync (60.0 kHz d)
[   196.655] (II) modeset(0): Modeline "640x480"x59.9   25.18  640 656 752 800  480 490 492 525 -hsync -vsync (31.5 kHz d)
[   196.655] (II) modeset(0): Modeline "720x405"x59.5   22.50  720 744 808 896  405 408 413 422 -hsync +vsync (25.1 kHz d)
[   196.655] (II) modeset(0): Modeline "720x405"x59.0   21.75  720 768 800 880  405 408 413 419 +hsync -vsync (24.7 kHz d)
[   196.655] (II) modeset(0): Modeline "684x384"x119.8   42.62  684 720 788 892  384 385 390 399 doublescan -hsync +vsync (47.8 kHz d)
[   196.655] (II) modeset(0): Modeline "684x384"x119.7   36.12  684 708 724 764  384 385 390 395 doublescan +hsync -vsync (47.3 kHz d)
[   196.655] (II) modeset(0): Modeline "640x400"x119.8   41.75  640 676 740 840  400 401 404 415 doublescan -hsync +vsync (49.7 kHz d)
[   196.655] (II) modeset(0): Modeline "640x400"x120.0   35.50  640 664 680 720  400 401 404 411 doublescan +hsync -vsync (49.3 kHz d)
[   196.655] (II) modeset(0): Modeline "640x360"x119.7   37.25  640 672 736 832  360 361 364 374 doublescan -hsync +vsync (44.8 kHz d)
[   196.655] (II) modeset(0): Modeline "640x360"x119.7   31.88  640 664 680 720  360 361 364 370 doublescan +hsync -vsync (44.3 kHz d)
[   196.655] (II) modeset(0): Modeline "640x360"x59.8   18.00  640 664 720 800  360 363 368 376 -hsync +vsync (22.5 kHz d)
[   196.655] (II) modeset(0): Modeline "640x360"x59.3   17.75  640 688 720 800  360 363 368 374 +hsync -vsync (22.2 kHz d)
[   196.655] (II) modeset(0): Modeline "512x384"x120.0   32.50  512 524 592 672  384 385 388 403 doublescan -hsync -vsync (48.4 kHz d)
[   196.655] (II) modeset(0): Modeline "512x288"x120.0   23.25  512 532 580 648  288 289 292 299 doublescan -hsync +vsync (35.9 kHz d)
[   196.655] (II) modeset(0): Modeline "512x288"x119.8   21.00  512 536 552 592  288 289 292 296 doublescan +hsync -vsync (35.5 kHz d)
[   196.655] (II) modeset(0): Modeline "480x270"x119.3   20.38  480 496 544 608  270 271 274 281 doublescan -hsync +vsync (33.5 kHz d)
[   196.655] (II) modeset(0): Modeline "480x270"x119.6   18.62  480 504 520 560  270 271 274 278 doublescan +hsync -vsync (33.3 kHz d)
[   196.655] (II) modeset(0): Modeline "400x300"x120.6   20.00  400 420 484 528  300 300 302 314 doublescan +hsync +vsync (37.9 kHz d)
[   196.655] (II) modeset(0): Modeline "400x300"x112.7   18.00  400 412 448 512  300 300 301 312 doublescan +hsync +vsync (35.2 kHz d)
[   196.655] (II) modeset(0): Modeline "432x243"x119.8   16.25  432 444 484 536  243 244 247 253 doublescan -hsync +vsync (30.3 kHz d)
[   196.655] (II) modeset(0): Modeline "432x243"x119.1   15.25  432 456 472 512  243 244 247 250 doublescan +hsync -vsync (29.8 kHz d)
[   196.655] (II) modeset(0): Modeline "320x240"x120.1   12.59  320 328 376 400  240 245 246 262 doublescan -hsync -vsync (31.5 kHz d)
[   196.655] (II) modeset(0): Modeline "360x202"x119.0   11.25  360 372 404 448  202 204 206 211 doublescan -hsync +vsync (25.1 kHz d)
[   196.655] (II) modeset(0): Modeline "360x202"x118.3   10.88  360 384 400 440  202 204 206 209 doublescan +hsync -vsync (24.7 kHz d)
[   196.655] (II) modeset(0): Modeline "320x180"x119.7    9.00  320 332 360 400  180 181 184 188 doublescan -hsync +vsync (22.5 kHz d)
[   196.655] (II) modeset(0): Modeline "320x180"x118.6    8.88  320 344 360 400  180 181 184 187 doublescan +hsync -vsync (22.2 kHz d)
[   196.655] (II) modeset(0): EDID for output DP-1
[   196.657] (II) modeset(0): EDID for output HDMI-1
[   196.657] (II) modeset(0): EDID for output DP-2
[   196.658] (II) modeset(0): EDID for output HDMI-2
[   196.658] (II) modeset(0): Output eDP-1 connected
[   196.658] (II) modeset(0): Output DP-1 disconnected
[   196.658] (II) modeset(0): Output HDMI-1 disconnected
[   196.658] (II) modeset(0): Output DP-2 disconnected
[   196.658] (II) modeset(0): Output HDMI-2 disconnected
[   196.658] (II) modeset(0): Using exact sizes for initial modes
[   196.658] (II) modeset(0): Output eDP-1 using initial mode 1366x768 +0+0
[   196.658] (==) modeset(0): Using gamma correction (1.0, 1.0, 1.0)
[   196.658] (==) modeset(0): DPI set to (96, 96)
[   196.658] (II) Loading sub module "fb"
[   196.658] (II) LoadModule: "fb"
[   196.658] (II) Loading /usr/lib/xorg/modules/libfb.so
[   196.658] (II) Module fb: vendor="X.Org Foundation"
[   196.658] 	compiled for 1.20.5, module version = 1.0.0
[   196.658] 	ABI class: X.Org ANSI C Emulation, version 0.4
[   196.658] (II) UnloadModule: "vesa"
[   196.658] (II) Unloading vesa
[   196.662] (==) modeset(0): Backing store enabled
[   196.662] (==) modeset(0): Silken mouse disabled
[   196.718] (II) modeset(0): Initializing kms color map for depth 24, 8 bpc.
[   196.718] (==) modeset(0): DPMS enabled
[   196.719] (II) modeset(0): [DRI2] Setup complete
[   196.719] (II) modeset(0): [DRI2]   DRI driver: i965
[   196.719] (II) modeset(0): [DRI2]   VDPAU driver: i965
[   196.719] (II) Initializing extension Generic Event Extension
[   196.719] (II) Initializing extension SHAPE
[   196.719] (II) Initializing extension MIT-SHM
[   196.719] (II) Initializing extension XInputExtension
[   196.719] (II) Initializing extension XTEST
[   196.719] (II) Initializing extension BIG-REQUESTS
[   196.719] (II) Initializing extension SYNC
[   196.719] (II) Initializing extension XKEYBOARD
[   196.719] (II) Initializing extension XC-MISC
[   196.719] (II) Initializing extension SECURITY
[   196.719] (II) Initializing extension XFIXES
[   196.719] (II) Initializing extension RENDER
[   196.719] (II) Initializing extension RANDR
[   196.719] (II) Initializing extension COMPOSITE
[   196.719] (II) Initializing extension DAMAGE
[   196.719] (II) Initializing extension MIT-SCREEN-SAVER
[   196.719] (II) Initializing extension DOUBLE-BUFFER
[   196.719] (II) Initializing extension RECORD
[   196.719] (II) Initializing extension DPMS
[   196.719] (II) Initializing extension Present
[   196.719] (II) Initializing extension DRI3
[   196.719] (II) Initializing extension X-Resource
[   196.719] (II) Initializing extension XVideo
[   196.719] (II) Initializing extension XVideo-MotionCompensation
[   196.719] (II) Initializing extension GLX
[   196.729] (II) AIGLX: Loaded and initialized i965
[   196.729] (II) GLX: Initialized DRI2 GL provider for screen 0
[   196.729] (II) Initializing extension XFree86-VidModeExtension
[   196.729] (II) Initializing extension XFree86-DGA
[   196.729] (II) Initializing extension XFree86-DRI
[   196.729] (II) Initializing extension DRI2
[   196.732] (II) modeset(0): Damage tracking initialized
[   196.732] (II) modeset(0): Setting screen physical size to 361 x 203
[   196.818] (II) config/udev: Adding input device Power Button (/dev/input/event3)
[   196.818] (**) Power Button: Applying InputClass "libinput keyboard catchall"
[   196.818] (II) LoadModule: "libinput"
[   196.819] (II) Loading /usr/lib/xorg/modules/input/libinput_drv.so
[   196.821] (II) Module libinput: vendor="X.Org Foundation"
[   196.821] 	compiled for 1.20.3, module version = 0.28.2
[   196.821] 	Module class: X.Org XInput Driver
[   196.821] 	ABI class: X.Org XInput driver, version 24.1
[   196.821] (II) Using input driver 'libinput' for 'Power Button'
[   196.822] (II) systemd-logind: got fd for /dev/input/event3 13:67 fd 14 paused 0
[   196.822] (**) Power Button: always reports core events
[   196.822] (**) Option "Device" "/dev/input/event3"
[   196.822] (**) Option "_source" "server/udev"
[   196.824] (II) event3  - Power Button: is tagged by udev as: Keyboard
[   196.824] (II) event3  - Power Button: device is a keyboard
[   196.824] (II) event3  - Power Button: device removed
[   196.824] (**) Option "config_info" "udev:/sys/devices/LNXSYSTM:00/LNXPWRBN:00/input/input3/event3"
[   196.824] (II) XINPUT: Adding extended input device "Power Button" (type: KEYBOARD, id 6)
[   196.825] (II) event3  - Power Button: is tagged by udev as: Keyboard
[   196.825] (II) event3  - Power Button: device is a keyboard
[   196.826] (II) config/udev: Adding input device Video Bus (/dev/input/event14)
[   196.826] (**) Video Bus: Applying InputClass "libinput keyboard catchall"
[   196.826] (II) Using input driver 'libinput' for 'Video Bus'
[   196.826] (II) systemd-logind: got fd for /dev/input/event14 13:78 fd 17 paused 0
[   196.827] (**) Video Bus: always reports core events
[   196.827] (**) Option "Device" "/dev/input/event14"
[   196.827] (**) Option "_source" "server/udev"
[   196.828] (II) event14 - Video Bus: is tagged by udev as: Keyboard
[   196.828] (II) event14 - Video Bus: device is a keyboard
[   196.828] (II) event14 - Video Bus: device removed
[   196.828] (**) Option "config_info" "udev:/sys/devices/LNXSYSTM:00/LNXSYBUS:00/PNP0A08:00/LNXVIDEO:00/input/input15/event14"
[   196.828] (II) XINPUT: Adding extended input device "Video Bus" (type: KEYBOARD, id 7)
[   196.829] (II) event14 - Video Bus: is tagged by udev as: Keyboard
[   196.829] (II) event14 - Video Bus: device is a keyboard
[   196.830] (II) config/udev: Adding input device Power Button (/dev/input/event1)
[   196.830] (**) Power Button: Applying InputClass "libinput keyboard catchall"
[   196.830] (II) Using input driver 'libinput' for 'Power Button'
[   196.832] (II) systemd-logind: got fd for /dev/input/event1 13:65 fd 18 paused 0
[   196.832] (**) Power Button: always reports core events
[   196.832] (**) Option "Device" "/dev/input/event1"
[   196.832] (**) Option "_source" "server/udev"
[   196.833] (II) event1  - Power Button: is tagged by udev as: Keyboard
[   196.833] (II) event1  - Power Button: device is a keyboard
[   196.833] (II) event1  - Power Button: device removed
[   196.833] (**) Option "config_info" "udev:/sys/devices/LNXSYSTM:00/LNXSYBUS:00/PNP0C0C:00/input/input1/event1"
[   196.833] (II) XINPUT: Adding extended input device "Power Button" (type: KEYBOARD, id 8)
[   196.835] (II) event1  - Power Button: is tagged by udev as: Keyboard
[   196.835] (II) event1  - Power Button: device is a keyboard
[   196.835] (II) config/udev: Adding input device Lid Switch (/dev/input/event0)
[   196.836] (II) No input driver specified, ignoring this device.
[   196.836] (II) This device may have been added with another device file.
[   196.836] (II) config/udev: Adding input device Sleep Button (/dev/input/event2)
[   196.836] (**) Sleep Button: Applying InputClass "libinput keyboard catchall"
[   196.836] (II) Using input driver 'libinput' for 'Sleep Button'
[   196.837] (II) systemd-logind: got fd for /dev/input/event2 13:66 fd 19 paused 0
[   196.837] (**) Sleep Button: always reports core events
[   196.837] (**) Option "Device" "/dev/input/event2"
[   196.837] (**) Option "_source" "server/udev"
[   196.838] (II) event2  - Sleep Button: is tagged by udev as: Keyboard
[   196.838] (II) event2  - Sleep Button: device is a keyboard
[   196.838] (II) event2  - Sleep Button: device removed
[   196.838] (**) Option "config_info" "udev:/sys/devices/LNXSYSTM:00/LNXSYBUS:00/PNP0C0E:00/input/input2/event2"
[   196.838] (II) XINPUT: Adding extended input device "Sleep Button" (type: KEYBOARD, id 9)
[   196.839] (II) event2  - Sleep Button: is tagged by udev as: Keyboard
[   196.839] (II) event2  - Sleep Button: device is a keyboard
[   196.840] (II) config/udev: Adding input device HDA Intel HDMI HDMI/DP,pcm=3 (/dev/input/event15)
[   196.840] (II) No input driver specified, ignoring this device.
[   196.840] (II) This device may have been added with another device file.
[   196.841] (II) config/udev: Adding input device HDA Intel HDMI HDMI/DP,pcm=7 (/dev/input/event16)
[   196.841] (II) No input driver specified, ignoring this device.
[   196.841] (II) This device may have been added with another device file.
[   196.841] (II) config/udev: Adding input device HDA Intel HDMI HDMI/DP,pcm=8 (/dev/input/event17)
[   196.841] (II) No input driver specified, ignoring this device.
[   196.841] (II) This device may have been added with another device file.
[   196.842] (II) config/udev: Adding input device HDA Intel HDMI HDMI/DP,pcm=9 (/dev/input/event18)
[   196.842] (II) No input driver specified, ignoring this device.
[   196.842] (II) This device may have been added with another device file.
[   196.842] (II) config/udev: Adding input device HDA Intel HDMI HDMI/DP,pcm=10 (/dev/input/event19)
[   196.842] (II) No input driver specified, ignoring this device.
[   196.842] (II) This device may have been added with another device file.
[   196.843] (II) config/udev: Adding input device HDA Digital PCBeep (/dev/input/event9)
[   196.843] (II) No input driver specified, ignoring this device.
[   196.843] (II) This device may have been added with another device file.
[   196.843] (II) config/udev: Adding input device HDA Intel PCH Headphone Mic (/dev/input/event10)
[   196.843] (II) No input driver specified, ignoring this device.
[   196.843] (II) This device may have been added with another device file.
[   196.844] (II) config/udev: Adding input device HDA Intel PCH Dock Mic (/dev/input/event11)
[   196.844] (II) No input driver specified, ignoring this device.
[   196.844] (II) This device may have been added with another device file.
[   196.844] (II) config/udev: Adding input device HDA Intel PCH Dock Line Out (/dev/input/event12)
[   196.844] (II) No input driver specified, ignoring this device.
[   196.844] (II) This device may have been added with another device file.
[   196.845] (II) config/udev: Adding input device Integrated_Webcam_HD: Integrate (/dev/input/event7)
[   196.845] (**) Integrated_Webcam_HD: Integrate: Applying InputClass "libinput keyboard catchall"
[   196.845] (II) Using input driver 'libinput' for 'Integrated_Webcam_HD: Integrate'
[   196.846] (II) systemd-logind: got fd for /dev/input/event7 13:71 fd 20 paused 0
[   196.846] (**) Integrated_Webcam_HD: Integrate: always reports core events
[   196.846] (**) Option "Device" "/dev/input/event7"
[   196.846] (**) Option "_source" "server/udev"
[   196.847] (II) event7  - Integrated_Webcam_HD: Integrate: is tagged by udev as: Keyboard
[   196.847] (II) event7  - Integrated_Webcam_HD: Integrate: device is a keyboard
[   196.847] (II) event7  - Integrated_Webcam_HD: Integrate: device removed
[   196.847] (**) Option "config_info" "udev:/sys/devices/pci0000:00/0000:00:1d.0/usb3/3-1/3-1.6/3-1.6:1.0/input/input8/event7"
[   196.847] (II) XINPUT: Adding extended input device "Integrated_Webcam_HD: Integrate" (type: KEYBOARD, id 10)
[   196.849] (II) event7  - Integrated_Webcam_HD: Integrate: is tagged by udev as: Keyboard
[   196.849] (II) event7  - Integrated_Webcam_HD: Integrate: device is a keyboard
[   196.850] (II) config/udev: Adding input device Dell WMI hotkeys (/dev/input/event8)
[   196.850] (**) Dell WMI hotkeys: Applying InputClass "libinput keyboard catchall"
[   196.850] (II) Using input driver 'libinput' for 'Dell WMI hotkeys'
[   196.851] (II) systemd-logind: got fd for /dev/input/event8 13:72 fd 21 paused 0
[   196.851] (**) Dell WMI hotkeys: always reports core events
[   196.851] (**) Option "Device" "/dev/input/event8"
[   196.851] (**) Option "_source" "server/udev"
[   196.852] (II) event8  - Dell WMI hotkeys: is tagged by udev as: Keyboard
[   196.852] (II) event8  - Dell WMI hotkeys: device is a keyboard
[   196.852] (II) event8  - Dell WMI hotkeys: device removed
[   196.852] (**) Option "config_info" "udev:/sys/devices/platform/PNP0C14:00/wmi_bus/wmi_bus-PNP0C14:00/9DBB5994-A997-11DA-B012-B622A1EF5492/input/input10/event8"
[   196.852] (II) XINPUT: Adding extended input device "Dell WMI hotkeys" (type: KEYBOARD, id 11)
[   196.854] (II) event8  - Dell WMI hotkeys: is tagged by udev as: Keyboard
[   196.854] (II) event8  - Dell WMI hotkeys: device is a keyboard
[   196.855] (II) config/udev: Adding input device AT Translated Set 2 keyboard (/dev/input/event4)
[   196.855] (**) AT Translated Set 2 keyboard: Applying InputClass "libinput keyboard catchall"
[   196.855] (II) Using input driver 'libinput' for 'AT Translated Set 2 keyboard'
[   196.855] (II) systemd-logind: got fd for /dev/input/event4 13:68 fd 22 paused 0
[   196.855] (**) AT Translated Set 2 keyboard: always reports core events
[   196.856] (**) Option "Device" "/dev/input/event4"
[   196.856] (**) Option "_source" "server/udev"
[   196.857] (II) event4  - AT Translated Set 2 keyboard: is tagged by udev as: Keyboard
[   196.857] (II) event4  - AT Translated Set 2 keyboard: device is a keyboard
[   196.857] (II) event4  - AT Translated Set 2 keyboard: device removed
[   196.857] (**) Option "config_info" "udev:/sys/devices/platform/i8042/serio0/input/input4/event4"
[   196.857] (II) XINPUT: Adding extended input device "AT Translated Set 2 keyboard" (type: KEYBOARD, id 12)
[   196.859] (II) event4  - AT Translated Set 2 keyboard: is tagged by udev as: Keyboard
[   196.859] (II) event4  - AT Translated Set 2 keyboard: device is a keyboard
[   196.860] (II) config/udev: Adding input device AlpsPS/2 ALPS GlidePoint (/dev/input/event13)
[   196.860] (**) AlpsPS/2 ALPS GlidePoint: Applying InputClass "libinput touchpad catchall"
[   196.860] (II) Using input driver 'libinput' for 'AlpsPS/2 ALPS GlidePoint'
[   196.860] (II) systemd-logind: got fd for /dev/input/event13 13:77 fd 23 paused 0
[   196.861] (**) AlpsPS/2 ALPS GlidePoint: always reports core events
[   196.861] (**) Option "Device" "/dev/input/event13"
[   196.861] (**) Option "_source" "server/udev"
[   196.862] (II) event13 - AlpsPS/2 ALPS GlidePoint: is tagged by udev as: Touchpad
[   196.871] (II) event13 - AlpsPS/2 ALPS GlidePoint: device is a touchpad
[   196.871] (II) event13 - AlpsPS/2 ALPS GlidePoint: device removed
[   196.872] (**) Option "config_info" "udev:/sys/devices/platform/i8042/serio1/input/input9/event13"
[   196.872] (II) XINPUT: Adding extended input device "AlpsPS/2 ALPS GlidePoint" (type: TOUCHPAD, id 13)
[   196.872] (**) Option "AccelerationScheme" "none"
[   196.872] (**) AlpsPS/2 ALPS GlidePoint: (accel) selected scheme none/0
[   196.872] (**) AlpsPS/2 ALPS GlidePoint: (accel) acceleration factor: 2.000
[   196.872] (**) AlpsPS/2 ALPS GlidePoint: (accel) acceleration threshold: 4
[   196.873] (II) event13 - AlpsPS/2 ALPS GlidePoint: is tagged by udev as: Touchpad
[   196.883] (II) event13 - AlpsPS/2 ALPS GlidePoint: device is a touchpad
[   196.883] (II) config/udev: Adding input device AlpsPS/2 ALPS GlidePoint (/dev/input/mouse0)
[   196.883] (II) No input driver specified, ignoring this device.
[   196.883] (II) This device may have been added with another device file.
[   196.884] (II) config/udev: Adding input device PC Speaker (/dev/input/event6)
[   196.884] (II) No input driver specified, ignoring this device.
[   196.884] (II) This device may have been added with another device file.
[   196.884] (II) config/udev: Adding input device DELL Wireless hotkeys (/dev/input/event5)
[   196.884] (**) DELL Wireless hotkeys: Applying InputClass "libinput keyboard catchall"
[   196.884] (II) Using input driver 'libinput' for 'DELL Wireless hotkeys'
[   196.885] (II) systemd-logind: got fd for /dev/input/event5 13:69 fd 24 paused 0
[   196.885] (**) DELL Wireless hotkeys: always reports core events
[   196.885] (**) Option "Device" "/dev/input/event5"
[   196.885] (**) Option "_source" "server/udev"
[   196.886] (II) event5  - DELL Wireless hotkeys: is tagged by udev as: Keyboard
[   196.886] (II) event5  - DELL Wireless hotkeys: device is a keyboard
[   196.886] (II) event5  - DELL Wireless hotkeys: device removed
[   196.886] (**) Option "config_info" "udev:/sys/devices/virtual/input/input6/event5"
[   196.886] (II) XINPUT: Adding extended input device "DELL Wireless hotkeys" (type: KEYBOARD, id 14)
[   196.887] (II) event5  - DELL Wireless hotkeys: is tagged by udev as: Keyboard
[   196.887] (II) event5  - DELL Wireless hotkeys: device is a keyboard
[   196.960] (II) modeset(0): EDID vendor "LGD", prod id 1104
[   196.960] (II) modeset(0): Printing DDC gathered Modelines:
[   196.960] (II) modeset(0): Modeline "1366x768"x0.0   72.50  1366 1398 1430 1526  768 770 774 792 +hsync -vsync (47.5 kHz eP)
[   196.960] (II) modeset(0): Modeline "1366x768"x0.0   58.00  1366 1398 1430 1526  768 770 774 792 +hsync -vsync (38.0 kHz e)
[   225.470] (**) Option "fd" "14"
[   225.470] (II) event3  - Power Button: device removed
[   225.470] (**) Option "fd" "17"
[   225.470] (II) event14 - Video Bus: device removed
[   225.470] (**) Option "fd" "18"
[   225.470] (II) event1  - Power Button: device removed
[   225.471] (**) Option "fd" "19"
[   225.471] (II) event2  - Sleep Button: device removed
[   225.471] (**) Option "fd" "20"
[   225.471] (II) event7  - Integrated_Webcam_HD: Integrate: device removed
[   225.471] (**) Option "fd" "21"
[   225.471] (II) event8  - Dell WMI hotkeys: device removed
[   225.471] (**) Option "fd" "22"
[   225.471] (II) event4  - AT Translated Set 2 keyboard: device removed
[   225.471] (**) Option "fd" "23"
[   225.471] (II) event13 - AlpsPS/2 ALPS GlidePoint: device removed
[   225.471] (**) Option "fd" "24"
[   225.471] (II) event5  - DELL Wireless hotkeys: device removed
[   225.471] (II) AIGLX: Suspending AIGLX clients for VT switch
[   225.511] (II) systemd-logind: got pause for 13:66
[   225.511] (II) systemd-logind: got pause for 13:78
[   225.511] (II) systemd-logind: got pause for 13:65
[   225.511] (II) systemd-logind: got pause for 13:77
[   225.512] (II) systemd-logind: got pause for 13:69
[   225.512] (II) systemd-logind: got pause for 13:68
[   225.512] (II) systemd-logind: got pause for 13:71
[   225.512] (II) systemd-logind: got pause for 13:72
[   225.512] (II) systemd-logind: got pause for 13:67
[   225.512] (II) systemd-logind: got pause for 226:0
[   588.945] (II) systemd-logind: got resume for 13:66
[   588.975] (II) systemd-logind: got resume for 13:78
[   588.989] (II) systemd-logind: got resume for 13:65
[   589.039] (II) systemd-logind: got resume for 13:77
[   589.065] (II) systemd-logind: got resume for 13:69
[   589.092] (II) systemd-logind: got resume for 13:68
[   589.115] (II) systemd-logind: got resume for 13:71
[   589.145] (II) systemd-logind: got resume for 13:72
[   589.172] (II) systemd-logind: got resume for 13:67
[   589.173] (II) systemd-logind: got resume for 226:0
[   589.173] (II) AIGLX: Resuming AIGLX clients after VT switch
[   589.221] (II) modeset(0): EDID vendor "LGD", prod id 1104
[   589.221] (II) modeset(0): Printing DDC gathered Modelines:
[   589.221] (II) modeset(0): Modeline "1366x768"x0.0   72.50  1366 1398 1430 1526  768 770 774 792 +hsync -vsync (47.5 kHz eP)
[   589.221] (II) modeset(0): Modeline "1366x768"x0.0   58.00  1366 1398 1430 1526  768 770 774 792 +hsync -vsync (38.0 kHz e)
[   589.237] (II) event3  - Power Button: is tagged by udev as: Keyboard
[   589.237] (II) event3  - Power Button: device is a keyboard
[   589.239] (II) event14 - Video Bus: is tagged by udev as: Keyboard
[   589.239] (II) event14 - Video Bus: device is a keyboard
[   589.241] (II) event1  - Power Button: is tagged by udev as: Keyboard
[   589.241] (II) event1  - Power Button: device is a keyboard
[   589.242] (II) event2  - Sleep Button: is tagged by udev as: Keyboard
[   589.242] (II) event2  - Sleep Button: device is a keyboard
[   589.244] (II) event7  - Integrated_Webcam_HD: Integrate: is tagged by udev as: Keyboard
[   589.244] (II) event7  - Integrated_Webcam_HD: Integrate: device is a keyboard
[   589.246] (II) event8  - Dell WMI hotkeys: is tagged by udev as: Keyboard
[   589.246] (II) event8  - Dell WMI hotkeys: device is a keyboard
[   589.247] (II) event4  - AT Translated Set 2 keyboard: is tagged by udev as: Keyboard
[   589.247] (II) event4  - AT Translated Set 2 keyboard: device is a keyboard
[   589.249] (II) event13 - AlpsPS/2 ALPS GlidePoint: is tagged by udev as: Touchpad
[   589.259] (II) event13 - AlpsPS/2 ALPS GlidePoint: device is a touchpad
[   589.260] (II) event5  - DELL Wireless hotkeys: is tagged by udev as: Keyboard
[   589.260] (II) event5  - DELL Wireless hotkeys: device is a keyboard
[   596.800] (**) Option "fd" "28"
[   596.800] (II) event3  - Power Button: device removed
[   596.800] (**) Option "fd" "18"
[   596.800] (II) event14 - Video Bus: device removed
[   596.800] (**) Option "fd" "19"
[   596.800] (II) event1  - Power Button: device removed
[   596.800] (**) Option "fd" "17"
[   596.800] (II) event2  - Sleep Button: device removed
[   596.801] (**) Option "fd" "23"
[   596.801] (II) event7  - Integrated_Webcam_HD: Integrate: device removed
[   596.801] (**) Option "fd" "24"
[   596.801] (II) event8  - Dell WMI hotkeys: device removed
[   596.801] (**) Option "fd" "22"
[   596.801] (II) event4  - AT Translated Set 2 keyboard: device removed
[   596.801] (**) Option "fd" "20"
[   596.801] (II) event13 - AlpsPS/2 ALPS GlidePoint: device removed
[   596.801] (**) Option "fd" "21"
[   596.801] (II) event5  - DELL Wireless hotkeys: device removed
[   596.801] (II) AIGLX: Suspending AIGLX clients for VT switch
[   596.803] (II) systemd-logind: got pause for 13:66
[   596.803] (II) systemd-logind: got pause for 13:78
[   596.803] (II) systemd-logind: got pause for 13:65
[   596.803] (II) systemd-logind: got pause for 13:77
[   596.803] (II) systemd-logind: got pause for 13:69
[   596.804] (II) systemd-logind: got pause for 13:68
[   596.804] (II) systemd-logind: got pause for 13:71
[   596.804] (II) systemd-logind: got pause for 13:72
[   596.804] (II) systemd-logind: got pause for 13:67
[   596.805] (II) systemd-logind: got pause for 226:0
[   643.246] (II) UnloadModule: "libinput"
[   643.246] (II) systemd-logind: releasing fd for 13:69
[   643.266] (II) UnloadModule: "libinput"
[   643.266] (II) systemd-logind: releasing fd for 13:77
[   643.309] (II) UnloadModule: "libinput"
[   643.309] (II) systemd-logind: releasing fd for 13:68
[   643.386] (II) UnloadModule: "libinput"
[   643.386] (II) systemd-logind: releasing fd for 13:72
[   643.439] (II) UnloadModule: "libinput"
[   643.439] (II) systemd-logind: releasing fd for 13:71
[   643.532] (II) UnloadModule: "libinput"
[   643.533] (II) systemd-logind: releasing fd for 13:66
[   643.622] (II) UnloadModule: "libinput"
[   643.622] (II) systemd-logind: releasing fd for 13:65
[   643.666] (II) UnloadModule: "libinput"
[   643.666] (II) systemd-logind: releasing fd for 13:78
[   643.719] (II) UnloadModule: "libinput"
[   643.720] (II) systemd-logind: releasing fd for 13:67
[   643.823] (II) Server terminated successfully (0). Closing log file.
