[    13.528] 
X.Org X Server 1.19.6
Release Date: 2017-12-20
[    13.528] X Protocol Version 11, Revision 0
[    13.528] Build Operating System: Linux 4.15.6-1-ARCH x86_64 
[    13.528] Current Operating System: Linux xxx 4.9.31-1-lts-max98090 #1 SMP Wed Jun 7 21:36:58 BST 2017 x86_64
[    13.528] Kernel command line: BOOT_IMAGE=/boot/vmlinuz-linux-lts-max98090 root=UUID=46d4e934-87c6-42bc-86c3-cbf19f882109 rw quiet
[    13.529] Build Date: 12 April 2018  05:31:07AM
[    13.529]  
[    13.529] Current version of pixman: 0.34.0
[    13.530] 	Before reporting problems, check http://wiki.x.org
	to make sure that you have the latest version.
[    13.530] Markers: (--) probed, (**) from config file, (==) default setting,
	(++) from command line, (!!) notice, (II) informational,
	(WW) warning, (EE) error, (NI) not implemented, (??) unknown.
[    13.531] (==) Log file: "/home/daniel/.local/share/xorg/Xorg.0.log", Time: Sun May  6 02:57:34 2018
[    13.535] (==) Using system config directory "/usr/share/X11/xorg.conf.d"
[    13.536] (==) No Layout section.  Using the first Screen section.
[    13.536] (==) No screen section available. Using defaults.
[    13.536] (**) |-->Screen "Default Screen Section" (0)
[    13.536] (**) |   |-->Monitor "<default monitor>"
[    13.537] (==) No monitor specified for screen "Default Screen Section".
	Using a default monitor configuration.
[    13.537] (==) Automatically adding devices
[    13.537] (==) Automatically enabling devices
[    13.537] (==) Automatically adding GPU devices
[    13.537] (==) Automatically binding GPU devices
[    13.538] (==) Max clients allowed: 256, resource mask: 0x1fffff
[    13.539] (WW) `fonts.dir' not found (or not valid) in "/usr/share/fonts/misc/".
[    13.539] 	Entry deleted from font path.
[    13.539] 	(Run 'mkfontdir' on "/usr/share/fonts/misc/").
[    13.540] (WW) The directory "/usr/share/fonts/OTF/" does not exist.
[    13.540] 	Entry deleted from font path.
[    13.540] (WW) The directory "/usr/share/fonts/Type1/" does not exist.
[    13.540] 	Entry deleted from font path.
[    13.543] (==) FontPath set to:
	/usr/share/fonts/TTF/,
	/usr/share/fonts/100dpi/,
	/usr/share/fonts/75dpi/
[    13.543] (==) ModulePath set to "/usr/lib/xorg/modules"
[    13.543] (II) The server relies on udev to provide the list of input devices.
	If no devices become available, reconfigure udev or disable AutoAddDevices.
[    13.543] (II) Loader magic: 0x5641af90fd60
[    13.543] (II) Module ABI versions:
[    13.543] 	X.Org ANSI C Emulation: 0.4
[    13.543] 	X.Org Video Driver: 23.0
[    13.543] 	X.Org XInput driver : 24.1
[    13.543] 	X.Org Server Extension : 10.0
[    13.545] (++) using VT number 1

[    13.550] (II) systemd-logind: took control of session /org/freedesktop/login1/session/c1
[    13.551] (II) xfree86: Adding drm device (/dev/dri/card0)
[    13.554] (II) systemd-logind: got fd for /dev/dri/card0 226:0 fd 11 paused 0
[    13.558] (--) PCI:*(0:0:2:0) 8086:0f31:8086:0f31 rev 14, Mem @ 0xd0000000/4194304, 0xc0000000/268435456, I/O @ 0x00001000/8, BIOS @ 0x????????/131072
[    13.558] (WW) Open ACPI failed (/var/run/acpid.socket) (No such file or directory)
[    13.558] (II) LoadModule: "glx"
[    13.560] (II) Loading /usr/lib/xorg/modules/extensions/libglx.so
[    13.577] (II) Module glx: vendor="X.Org Foundation"
[    13.577] 	compiled for 1.19.6, module version = 1.0.0
[    13.577] 	ABI class: X.Org Server Extension, version 10.0
[    13.577] (==) Matched intel as autoconfigured driver 0
[    13.577] (==) Matched intel as autoconfigured driver 1
[    13.577] (==) Matched modesetting as autoconfigured driver 2
[    13.577] (==) Matched fbdev as autoconfigured driver 3
[    13.577] (==) Matched vesa as autoconfigured driver 4
[    13.577] (==) Assigned the driver to the xf86ConfigLayout
[    13.577] (II) LoadModule: "intel"
[    13.578] (WW) Warning, couldn't open module intel
[    13.578] (II) UnloadModule: "intel"
[    13.578] (II) Unloading intel
[    13.578] (EE) Failed to load module "intel" (module does not exist, 0)
[    13.578] (II) LoadModule: "modesetting"
[    13.578] (II) Loading /usr/lib/xorg/modules/drivers/modesetting_drv.so
[    13.580] (II) Module modesetting: vendor="X.Org Foundation"
[    13.580] 	compiled for 1.19.6, module version = 1.19.6
[    13.580] 	Module class: X.Org Video Driver
[    13.580] 	ABI class: X.Org Video Driver, version 23.0
[    13.580] (II) LoadModule: "fbdev"
[    13.581] (WW) Warning, couldn't open module fbdev
[    13.581] (II) UnloadModule: "fbdev"
[    13.581] (II) Unloading fbdev
[    13.581] (EE) Failed to load module "fbdev" (module does not exist, 0)
[    13.581] (II) LoadModule: "vesa"
[    13.581] (II) Loading /usr/lib/xorg/modules/drivers/vesa_drv.so
[    13.582] (II) Module vesa: vendor="X.Org Foundation"
[    13.582] 	compiled for 1.19.6, module version = 2.4.0
[    13.582] 	Module class: X.Org Video Driver
[    13.582] 	ABI class: X.Org Video Driver, version 23.0
[    13.582] (II) modesetting: Driver for Modesetting Kernel Drivers: kms
[    13.583] (II) VESA: driver for VESA chipsets: vesa
[    13.583] xf86EnableIOPorts: failed to set IOPL for I/O (Operation not permitted)
[    13.583] (II) modeset(0): using drv /dev/dri/card0
[    13.583] (WW) VGA arbiter: cannot open kernel arbiter, no multi-card support
[    13.583] (II) modeset(0): Creating default Display subsection in Screen section
	"Default Screen Section" for depth/fbbpp 24/32
[    13.583] (==) modeset(0): Depth 24, (==) framebuffer bpp 32
[    13.583] (==) modeset(0): RGB weight 888
[    13.583] (==) modeset(0): Default visual is TrueColor
[    13.583] (II) Loading sub module "glamoregl"
[    13.583] (II) LoadModule: "glamoregl"
[    13.583] (II) Loading /usr/lib/xorg/modules/libglamoregl.so
[    13.595] (II) Module glamoregl: vendor="X.Org Foundation"
[    13.595] 	compiled for 1.19.6, module version = 1.0.0
[    13.595] 	ABI class: X.Org ANSI C Emulation, version 0.4
[    13.595] (II) glamor: OpenGL accelerated X.org driver based.
[    13.680] (II) glamor: EGL version 1.4 (DRI2):
[    13.710] (II) modeset(0): glamor initialized
[    13.711] (II) modeset(0): Output eDP-1 has no monitor section
[    13.712] (II) modeset(0): Output DP-1 has no monitor section
[    13.712] (II) modeset(0): Output HDMI-1 has no monitor section
[    13.713] (II) modeset(0): EDID for output eDP-1
[    13.713] (II) modeset(0): Manufacturer: AUO  Model: 405c  Serial#: 0
[    13.713] (II) modeset(0): Year: 2015  Week: 0
[    13.713] (II) modeset(0): EDID Version: 1.4
[    13.713] (II) modeset(0): Digital Display Input
[    13.713] (II) modeset(0): 6 bits per channel
[    13.713] (II) modeset(0): Digital interface is DisplayPort
[    13.714] (II) modeset(0): Max Image Size [cm]: horiz.: 26  vert.: 14
[    13.714] (II) modeset(0): Gamma: 2.20
[    13.714] (II) modeset(0): No DPMS capabilities specified
[    13.714] (II) modeset(0): Supported color encodings: RGB 4:4:4 
[    13.714] (II) modeset(0): First detailed timing is preferred mode
[    13.714] (II) modeset(0): Preferred mode is native pixel format and refresh rate
[    13.714] (II) modeset(0): redX: 0.584 redY: 0.333   greenX: 0.338 greenY: 0.571
[    13.714] (II) modeset(0): blueX: 0.158 blueY: 0.133   whiteX: 0.313 whiteY: 0.329
[    13.714] (II) modeset(0): Manufacturer's mask: 0
[    13.714] (II) modeset(0): Supported detailed timing:
[    13.714] (II) modeset(0): clock: 69.3 MHz   Image Size:  256 x 144 mm
[    13.714] (II) modeset(0): h_active: 1366  h_sync: 1414  h_sync_end 1446 h_blank_end 1456 h_border: 0
[    13.714] (II) modeset(0): v_active: 768  v_sync: 772  v_sync_end 778 v_blanking: 793 v_border: 0
[    13.714] (II) modeset(0): Unknown vendor-specific block f
[    13.714] (II) modeset(0):  AUO
[    13.714] (II) modeset(0):  B116XAN04.0
[    13.714] (II) modeset(0): EDID (in hex):
[    13.714] (II) modeset(0): 	00ffffffffffff0006af5c4000000000
[    13.714] (II) modeset(0): 	00190104951a0e780299859555569228
[    13.714] (II) modeset(0): 	22505400000001010101010101010101
[    13.714] (II) modeset(0): 	010101010101121b565a500019303020
[    13.714] (II) modeset(0): 	46000090100000180000000f00000000
[    13.714] (II) modeset(0): 	00000000000000000020000000fe0041
[    13.714] (II) modeset(0): 	554f0a202020202020202020000000fe
[    13.714] (II) modeset(0): 	004231313658414e30342e30200a00c7
[    13.714] (II) modeset(0): Printing probed modes for output eDP-1
[    13.714] (II) modeset(0): Modeline "1366x768"x60.0   69.30  1366 1414 1446 1456  768 772 778 793 -hsync -vsync (47.6 kHz eP)
[    13.714] (II) modeset(0): Modeline "1280x720"x120.0  156.12  1280 1376 1512 1744  720 721 724 746 doublescan -hsync +vsync (89.5 kHz d)
[    13.714] (II) modeset(0): Modeline "1280x720"x120.0  120.75  1280 1304 1320 1360  720 721 724 740 doublescan +hsync -vsync (88.8 kHz d)
[    13.714] (II) modeset(0): Modeline "1280x720"x59.9   74.50  1280 1344 1472 1664  720 723 728 748 -hsync +vsync (44.8 kHz d)
[    13.714] (II) modeset(0): Modeline "1280x720"x59.7   63.75  1280 1328 1360 1440  720 723 728 741 +hsync -vsync (44.3 kHz d)
[    13.714] (II) modeset(0): Modeline "1024x768"x120.1  133.47  1024 1100 1212 1400  768 768 770 794 doublescan -hsync +vsync (95.3 kHz d)
[    13.714] (II) modeset(0): Modeline "1024x768"x60.0   65.00  1024 1048 1184 1344  768 771 777 806 -hsync -vsync (48.4 kHz d)
[    13.714] (II) modeset(0): Modeline "960x720"x120.0  117.00  960 1024 1128 1300  720 720 722 750 doublescan -hsync +vsync (90.0 kHz d)
[    13.715] (II) modeset(0): Modeline "928x696"x120.1  109.15  928 976 1088 1264  696 696 698 719 doublescan -hsync +vsync (86.4 kHz d)
[    13.715] (II) modeset(0): Modeline "896x672"x120.0  102.40  896 960 1060 1224  672 672 674 697 doublescan -hsync +vsync (83.7 kHz d)
[    13.715] (II) modeset(0): Modeline "1024x576"x119.9   98.50  1024 1092 1200 1376  576 577 580 597 doublescan -hsync +vsync (71.6 kHz d)
[    13.715] (II) modeset(0): Modeline "1024x576"x119.9   78.38  1024 1048 1064 1104  576 577 580 592 doublescan +hsync -vsync (71.0 kHz d)
[    13.715] (II) modeset(0): Modeline "1024x576"x59.9   46.50  1024 1064 1160 1296  576 579 584 599 -hsync +vsync (35.9 kHz d)
[    13.715] (II) modeset(0): Modeline "1024x576"x59.8   42.00  1024 1072 1104 1184  576 579 584 593 +hsync -vsync (35.5 kHz d)
[    13.715] (II) modeset(0): Modeline "960x600"x119.9   96.62  960 1028 1128 1296  600 601 604 622 doublescan -hsync +vsync (74.6 kHz d)
[    13.715] (II) modeset(0): Modeline "960x600"x120.0   77.00  960 984 1000 1040  600 601 604 617 doublescan +hsync -vsync (74.0 kHz d)
[    13.715] (II) modeset(0): Modeline "960x540"x119.9   86.50  960 1024 1124 1288  540 541 544 560 doublescan -hsync +vsync (67.2 kHz d)
[    13.715] (II) modeset(0): Modeline "960x540"x120.0   69.25  960 984 1000 1040  540 541 544 555 doublescan +hsync -vsync (66.6 kHz d)
[    13.715] (II) modeset(0): Modeline "960x540"x59.6   40.75  960 992 1088 1216  540 543 548 562 -hsync +vsync (33.5 kHz d)
[    13.715] (II) modeset(0): Modeline "960x540"x59.8   37.25  960 1008 1040 1120  540 543 548 556 +hsync -vsync (33.3 kHz d)
[    13.715] (II) modeset(0): Modeline "800x600"x120.0   81.00  800 832 928 1080  600 600 602 625 doublescan +hsync +vsync (75.0 kHz d)
[    13.715] (II) modeset(0): Modeline "800x600"x60.3   40.00  800 840 968 1056  600 601 605 628 +hsync +vsync (37.9 kHz d)
[    13.715] (II) modeset(0): Modeline "800x600"x56.2   36.00  800 824 896 1024  600 601 603 625 +hsync +vsync (35.2 kHz d)
[    13.715] (II) modeset(0): Modeline "840x525"x120.0   73.12  840 892 980 1120  525 526 529 544 doublescan -hsync +vsync (65.3 kHz d)
[    13.715] (II) modeset(0): Modeline "840x525"x119.8   59.50  840 864 880 920  525 526 529 540 doublescan +hsync -vsync (64.7 kHz d)
[    13.715] (II) modeset(0): Modeline "864x486"x59.9   32.50  864 888 968 1072  486 489 494 506 -hsync +vsync (30.3 kHz d)
[    13.715] (II) modeset(0): Modeline "864x486"x59.6   30.50  864 912 944 1024  486 489 494 500 +hsync -vsync (29.8 kHz d)
[    13.715] (II) modeset(0): Modeline "700x525"x120.0   61.00  700 744 820 940  525 526 532 541 doublescan +hsync +vsync (64.9 kHz d)
[    13.715] (II) modeset(0): Modeline "800x450"x119.9   59.12  800 848 928 1056  450 451 454 467 doublescan -hsync +vsync (56.0 kHz d)
[    13.715] (II) modeset(0): Modeline "800x450"x119.6   48.75  800 824 840 880  450 451 454 463 doublescan +hsync -vsync (55.4 kHz d)
[    13.715] (II) modeset(0): Modeline "640x512"x120.0   54.00  640 664 720 844  512 512 514 533 doublescan +hsync +vsync (64.0 kHz d)
[    13.715] (II) modeset(0): Modeline "700x450"x119.9   51.75  700 740 812 924  450 451 456 467 doublescan -hsync +vsync (56.0 kHz d)
[    13.715] (II) modeset(0): Modeline "700x450"x119.8   43.25  700 724 740 780  450 451 456 463 doublescan +hsync -vsync (55.4 kHz d)
[    13.715] (II) modeset(0): Modeline "640x480"x120.0   54.00  640 688 744 900  480 480 482 500 doublescan +hsync +vsync (60.0 kHz d)
[    13.715] (II) modeset(0): Modeline "640x480"x59.9   25.18  640 656 752 800  480 490 492 525 -hsync -vsync (31.5 kHz d)
[    13.715] (II) modeset(0): Modeline "720x405"x59.5   22.50  720 744 808 896  405 408 413 422 -hsync +vsync (25.1 kHz d)
[    13.715] (II) modeset(0): Modeline "720x405"x59.0   21.75  720 768 800 880  405 408 413 419 +hsync -vsync (24.7 kHz d)
[    13.715] (II) modeset(0): Modeline "684x384"x119.8   42.62  684 720 788 892  384 385 390 399 doublescan -hsync +vsync (47.8 kHz d)
[    13.715] (II) modeset(0): Modeline "684x384"x119.7   36.12  684 708 724 764  384 385 390 395 doublescan +hsync -vsync (47.3 kHz d)
[    13.715] (II) modeset(0): Modeline "640x400"x119.8   41.75  640 676 740 840  400 401 404 415 doublescan -hsync +vsync (49.7 kHz d)
[    13.715] (II) modeset(0): Modeline "640x400"x120.0   35.50  640 664 680 720  400 401 404 411 doublescan +hsync -vsync (49.3 kHz d)
[    13.715] (II) modeset(0): Modeline "640x360"x119.7   37.25  640 672 736 832  360 361 364 374 doublescan -hsync +vsync (44.8 kHz d)
[    13.715] (II) modeset(0): Modeline "640x360"x119.7   31.88  640 664 680 720  360 361 364 370 doublescan +hsync -vsync (44.3 kHz d)
[    13.715] (II) modeset(0): Modeline "640x360"x59.8   18.00  640 664 720 800  360 363 368 376 -hsync +vsync (22.5 kHz d)
[    13.715] (II) modeset(0): Modeline "640x360"x59.3   17.75  640 688 720 800  360 363 368 374 +hsync -vsync (22.2 kHz d)
[    13.715] (II) modeset(0): Modeline "512x384"x120.0   32.50  512 524 592 672  384 385 388 403 doublescan -hsync -vsync (48.4 kHz d)
[    13.715] (II) modeset(0): Modeline "512x288"x120.0   23.25  512 532 580 648  288 289 292 299 doublescan -hsync +vsync (35.9 kHz d)
[    13.715] (II) modeset(0): Modeline "512x288"x119.8   21.00  512 536 552 592  288 289 292 296 doublescan +hsync -vsync (35.5 kHz d)
[    13.715] (II) modeset(0): Modeline "480x270"x119.3   20.38  480 496 544 608  270 271 274 281 doublescan -hsync +vsync (33.5 kHz d)
[    13.715] (II) modeset(0): Modeline "480x270"x119.6   18.62  480 504 520 560  270 271 274 278 doublescan +hsync -vsync (33.3 kHz d)
[    13.715] (II) modeset(0): Modeline "400x300"x120.6   20.00  400 420 484 528  300 300 302 314 doublescan +hsync +vsync (37.9 kHz d)
[    13.715] (II) modeset(0): Modeline "400x300"x112.7   18.00  400 412 448 512  300 300 301 312 doublescan +hsync +vsync (35.2 kHz d)
[    13.715] (II) modeset(0): Modeline "432x243"x119.8   16.25  432 444 484 536  243 244 247 253 doublescan -hsync +vsync (30.3 kHz d)
[    13.715] (II) modeset(0): Modeline "432x243"x119.1   15.25  432 456 472 512  243 244 247 250 doublescan +hsync -vsync (29.8 kHz d)
[    13.716] (II) modeset(0): Modeline "320x240"x120.1   12.59  320 328 376 400  240 245 246 262 doublescan -hsync -vsync (31.5 kHz d)
[    13.716] (II) modeset(0): Modeline "360x202"x119.0   11.25  360 372 404 448  202 204 206 211 doublescan -hsync +vsync (25.1 kHz d)
[    13.716] (II) modeset(0): Modeline "360x202"x118.3   10.88  360 384 400 440  202 204 206 209 doublescan +hsync -vsync (24.7 kHz d)
[    13.716] (II) modeset(0): Modeline "320x180"x119.7    9.00  320 332 360 400  180 181 184 188 doublescan -hsync +vsync (22.5 kHz d)
[    13.716] (II) modeset(0): Modeline "320x180"x118.6    8.88  320 344 360 400  180 181 184 187 doublescan +hsync -vsync (22.2 kHz d)
[    13.716] (II) modeset(0): EDID for output DP-1
[    13.716] (II) modeset(0): EDID for output HDMI-1
[    13.716] (II) modeset(0): Output eDP-1 connected
[    13.716] (II) modeset(0): Output DP-1 disconnected
[    13.716] (II) modeset(0): Output HDMI-1 disconnected
[    13.716] (II) modeset(0): Using exact sizes for initial modes
[    13.716] (II) modeset(0): Output eDP-1 using initial mode 1366x768 +0+0
[    13.717] (==) modeset(0): Using gamma correction (1.0, 1.0, 1.0)
[    13.717] (==) modeset(0): DPI set to (96, 96)
[    13.717] (II) Loading sub module "fb"
[    13.717] (II) LoadModule: "fb"
[    13.717] (II) Loading /usr/lib/xorg/modules/libfb.so
[    13.719] (II) Module fb: vendor="X.Org Foundation"
[    13.719] 	compiled for 1.19.6, module version = 1.0.0
[    13.719] 	ABI class: X.Org ANSI C Emulation, version 0.4
[    13.719] (II) UnloadModule: "vesa"
[    13.719] (II) Unloading vesa
[    13.719] (==) Depth 24 pixmap format is 32 bpp
[    13.876] (==) modeset(0): Backing store enabled
[    13.876] (==) modeset(0): Silken mouse enabled
[    13.908] (II) modeset(0): RandR 1.2 enabled, ignore the following RandR disabled message.
[    13.909] (==) modeset(0): DPMS enabled
[    13.910] (II) modeset(0): [DRI2] Setup complete
[    13.910] (II) modeset(0): [DRI2]   DRI driver: i965
[    13.910] (II) modeset(0): [DRI2]   VDPAU driver: i965
[    13.910] (--) RandR disabled
[    13.932] (II) AIGLX: enabled GLX_MESA_copy_sub_buffer
[    13.932] (II) AIGLX: enabled GLX_ARB_create_context
[    13.932] (II) AIGLX: enabled GLX_ARB_create_context_profile
[    13.932] (II) AIGLX: enabled GLX_EXT_create_context_es{,2}_profile
[    13.932] (II) AIGLX: enabled GLX_INTEL_swap_event
[    13.932] (II) AIGLX: enabled GLX_SGI_swap_control
[    13.932] (II) AIGLX: enabled GLX_EXT_framebuffer_sRGB
[    13.932] (II) AIGLX: enabled GLX_ARB_fbconfig_float
[    13.932] (II) AIGLX: enabled GLX_EXT_fbconfig_packed_float
[    13.932] (II) AIGLX: GLX_EXT_texture_from_pixmap backed by buffer objects
[    13.932] (II) AIGLX: enabled GLX_ARB_create_context_robustness
[    13.933] (II) AIGLX: Loaded and initialized i965
[    13.933] (II) GLX: Initialized DRI2 GL provider for screen 0
[    13.938] (II) modeset(0): Damage tracking initialized
[    13.938] (II) modeset(0): Setting screen physical size to 361 x 203
[    14.136] (II) config/udev: Adding input device Power Button (/dev/input/event5)
[    14.136] (**) Power Button: Applying InputClass "libinput keyboard catchall"
[    14.136] (II) LoadModule: "libinput"
[    14.137] (II) Loading /usr/lib/xorg/modules/input/libinput_drv.so
[    14.147] (II) Module libinput: vendor="X.Org Foundation"
[    14.147] 	compiled for 1.19.6, module version = 0.27.1
[    14.147] 	Module class: X.Org XInput Driver
[    14.147] 	ABI class: X.Org XInput driver, version 24.1
[    14.147] (II) Using input driver 'libinput' for 'Power Button'
[    14.149] (II) systemd-logind: got fd for /dev/input/event5 13:69 fd 20 paused 0
[    14.149] (**) Power Button: always reports core events
[    14.149] (**) Option "Device" "/dev/input/event5"
[    14.149] (**) Option "_source" "server/udev"
[    14.150] (II) event5  - Power Button: is tagged by udev as: Keyboard
[    14.150] (II) event5  - Power Button: device is a keyboard
[    14.150] (II) event5  - Power Button: device removed
[    14.150] (**) Option "config_info" "udev:/sys/devices/LNXSYSTM:00/LNXPWRBN:00/input/input5/event5"
[    14.150] (II) XINPUT: Adding extended input device "Power Button" (type: KEYBOARD, id 6)
[    14.151] (II) event5  - Power Button: is tagged by udev as: Keyboard
[    14.151] (II) event5  - Power Button: device is a keyboard
[    14.152] (II) config/udev: Adding input device Power Button (/dev/input/event2)
[    14.152] (**) Power Button: Applying InputClass "libinput keyboard catchall"
[    14.152] (II) Using input driver 'libinput' for 'Power Button'
[    14.154] (II) systemd-logind: got fd for /dev/input/event2 13:66 fd 23 paused 0
[    14.154] (**) Power Button: always reports core events
[    14.154] (**) Option "Device" "/dev/input/event2"
[    14.154] (**) Option "_source" "server/udev"
[    14.155] (II) event2  - Power Button: is tagged by udev as: Keyboard
[    14.155] (II) event2  - Power Button: device is a keyboard
[    14.155] (II) event2  - Power Button: device removed
[    14.155] (**) Option "config_info" "udev:/sys/devices/LNXSYSTM:00/LNXSYBUS:00/PNP0C0C:00/input/input2/event2"
[    14.155] (II) XINPUT: Adding extended input device "Power Button" (type: KEYBOARD, id 7)
[    14.156] (II) event2  - Power Button: is tagged by udev as: Keyboard
[    14.156] (II) event2  - Power Button: device is a keyboard
[    14.157] (II) config/udev: Adding input device Lid Switch (/dev/input/event1)
[    14.157] (II) No input driver specified, ignoring this device.
[    14.157] (II) This device may have been added with another device file.
[    14.157] (II) config/udev: Adding input device Sleep Button (/dev/input/event3)
[    14.157] (**) Sleep Button: Applying InputClass "libinput keyboard catchall"
[    14.157] (II) Using input driver 'libinput' for 'Sleep Button'
[    14.159] (II) systemd-logind: got fd for /dev/input/event3 13:67 fd 24 paused 0
[    14.159] (**) Sleep Button: always reports core events
[    14.159] (**) Option "Device" "/dev/input/event3"
[    14.159] (**) Option "_source" "server/udev"
[    14.160] (II) event3  - Sleep Button: is tagged by udev as: Keyboard
[    14.160] (II) event3  - Sleep Button: device is a keyboard
[    14.160] (II) event3  - Sleep Button: device removed
[    14.160] (**) Option "config_info" "udev:/sys/devices/LNXSYSTM:00/LNXSYBUS:00/PNP0C0E:00/input/input3/event3"
[    14.160] (II) XINPUT: Adding extended input device "Sleep Button" (type: KEYBOARD, id 8)
[    14.162] (II) event3  - Sleep Button: is tagged by udev as: Keyboard
[    14.162] (II) event3  - Sleep Button: device is a keyboard
[    14.163] (II) config/udev: Adding input device Sleep Button (/dev/input/event4)
[    14.163] (**) Sleep Button: Applying InputClass "libinput keyboard catchall"
[    14.163] (II) Using input driver 'libinput' for 'Sleep Button'
[    14.165] (II) systemd-logind: got fd for /dev/input/event4 13:68 fd 25 paused 0
[    14.165] (**) Sleep Button: always reports core events
[    14.166] (**) Option "Device" "/dev/input/event4"
[    14.166] (**) Option "_source" "server/udev"
[    14.166] (II) event4  - Sleep Button: is tagged by udev as: Keyboard
[    14.166] (II) event4  - Sleep Button: device is a keyboard
[    14.166] (II) event4  - Sleep Button: device removed
[    14.167] (**) Option "config_info" "udev:/sys/devices/LNXSYSTM:00/LNXSYBUS:00/PNP0C0E:01/input/input4/event4"
[    14.167] (II) XINPUT: Adding extended input device "Sleep Button" (type: KEYBOARD, id 9)
[    14.168] (II) event4  - Sleep Button: is tagged by udev as: Keyboard
[    14.168] (II) event4  - Sleep Button: device is a keyboard
[    14.170] (II) config/udev: Adding input device HD WebCam (/dev/input/event9)
[    14.170] (**) HD WebCam: Applying InputClass "libinput keyboard catchall"
[    14.170] (II) Using input driver 'libinput' for 'HD WebCam'
[    14.172] (II) systemd-logind: got fd for /dev/input/event9 13:73 fd 26 paused 0
[    14.172] (**) HD WebCam: always reports core events
[    14.172] (**) Option "Device" "/dev/input/event9"
[    14.172] (**) Option "_source" "server/udev"
[    14.174] (II) event9  - HD WebCam: is tagged by udev as: Keyboard
[    14.174] (II) event9  - HD WebCam: device is a keyboard
[    14.174] (II) event9  - HD WebCam: device removed
[    14.174] (**) Option "config_info" "udev:/sys/devices/pci0000:00/0000:00:14.0/usb1/1-3/1-3:1.0/input/input9/event9"
[    14.174] (II) XINPUT: Adding extended input device "HD WebCam" (type: KEYBOARD, id 10)
[    14.175] (II) event9  - HD WebCam: is tagged by udev as: Keyboard
[    14.176] (II) event9  - HD WebCam: device is a keyboard
[    14.177] (II) config/udev: Adding input device HDA Intel PCH HDMI/DP,pcm=3 (/dev/input/event10)
[    14.177] (II) No input driver specified, ignoring this device.
[    14.177] (II) This device may have been added with another device file.
[    14.178] (II) config/udev: Adding input device HDA Intel PCH HDMI/DP,pcm=7 (/dev/input/event11)
[    14.178] (II) No input driver specified, ignoring this device.
[    14.178] (II) This device may have been added with another device file.
[    14.179] (II) config/udev: Adding input device byt-max98090 Headset (/dev/input/event8)
[    14.179] (II) No input driver specified, ignoring this device.
[    14.179] (II) This device may have been added with another device file.
[    14.180] (II) config/udev: Adding input device Elan Touchpad (/dev/input/event6)
[    14.180] (**) Elan Touchpad: Applying InputClass "libinput touchpad catchall"
[    14.180] (**) Elan Touchpad: Applying InputClass "touchpad catchall"
[    14.180] (**) Elan Touchpad: Applying InputClass "Default clickpad buttons"
[    14.180] (II) LoadModule: "synaptics"
[    14.181] (II) Loading /usr/lib/xorg/modules/input/synaptics_drv.so
[    14.184] (II) Module synaptics: vendor="X.Org Foundation"
[    14.184] 	compiled for 1.19.0, module version = 1.9.0
[    14.184] 	Module class: X.Org XInput Driver
[    14.184] 	ABI class: X.Org XInput driver, version 24.1
[    14.184] (II) Using input driver 'synaptics' for 'Elan Touchpad'
[    14.186] (II) systemd-logind: got fd for /dev/input/event6 13:70 fd 27 paused 0
[    14.186] (**) Elan Touchpad: always reports core events
[    14.186] (**) Option "Device" "/dev/input/event6"
[    14.186] (II) synaptics: Elan Touchpad: found clickpad property
[    14.186] (--) synaptics: Elan Touchpad: x-axis range 0 - 3207 (res 31)
[    14.186] (--) synaptics: Elan Touchpad: y-axis range 0 - 1791 (res 31)
[    14.186] (--) synaptics: Elan Touchpad: pressure range 0 - 255
[    14.186] (--) synaptics: Elan Touchpad: finger width range 0 - 15
[    14.186] (--) synaptics: Elan Touchpad: buttons: left double triple
[    14.186] (--) synaptics: Elan Touchpad: Vendor 0x4f3 Product 0x2a
[    14.186] (**) Option "SoftButtonAreas" "50% 0 82% 0 0 0 0 0"
[    14.186] (--) synaptics: Elan Touchpad: touchpad found
[    14.186] (**) Elan Touchpad: always reports core events
[    14.187] (**) Option "config_info" "udev:/sys/devices/platform/80860F41:00/i2c-0/i2c-ELAN0000:00/input/input6/event6"
[    14.187] (II) XINPUT: Adding extended input device "Elan Touchpad" (type: TOUCHPAD, id 11)
[    14.187] (**) synaptics: Elan Touchpad: (accel) MinSpeed is now constant deceleration 2.5
[    14.187] (**) synaptics: Elan Touchpad: (accel) MaxSpeed is now 1.75
[    14.187] (**) synaptics: Elan Touchpad: (accel) AccelFactor is now 0.054
[    14.187] (**) Elan Touchpad: (accel) keeping acceleration scheme 1
[    14.188] (**) Elan Touchpad: (accel) acceleration profile 1
[    14.188] (**) Elan Touchpad: (accel) acceleration factor: 2.000
[    14.188] (**) Elan Touchpad: (accel) acceleration threshold: 4
[    14.188] (--) synaptics: Elan Touchpad: touchpad found
[    14.189] (II) config/udev: Adding input device Elan Touchpad (/dev/input/mouse0)
[    14.189] (**) Elan Touchpad: Ignoring device from InputClass "touchpad ignore duplicates"
[    14.190] (II) config/udev: Adding input device AT Translated Set 2 keyboard (/dev/input/event0)
[    14.190] (**) AT Translated Set 2 keyboard: Applying InputClass "libinput keyboard catchall"
[    14.190] (II) Using input driver 'libinput' for 'AT Translated Set 2 keyboard'
[    14.192] (II) systemd-logind: got fd for /dev/input/event0 13:64 fd 28 paused 0
[    14.193] (**) AT Translated Set 2 keyboard: always reports core events
[    14.193] (**) Option "Device" "/dev/input/event0"
[    14.193] (**) Option "_source" "server/udev"
[    14.193] (II) event0  - AT Translated Set 2 keyboard: is tagged by udev as: Keyboard
[    14.193] (II) event0  - AT Translated Set 2 keyboard: device is a keyboard
[    14.193] (II) event0  - AT Translated Set 2 keyboard: device removed
[    14.193] (**) Option "config_info" "udev:/sys/devices/platform/i8042/serio0/input/input0/event0"
[    14.193] (II) XINPUT: Adding extended input device "AT Translated Set 2 keyboard" (type: KEYBOARD, id 12)
[    14.194] (II) event0  - AT Translated Set 2 keyboard: is tagged by udev as: Keyboard
[    14.194] (II) event0  - AT Translated Set 2 keyboard: device is a keyboard
[    14.195] (II) config/udev: Adding input device PC Speaker (/dev/input/event7)
[    14.195] (II) No input driver specified, ignoring this device.
[    14.195] (II) This device may have been added with another device file.
