[    19.491] (WW) Failed to open protocol names file lib/xorg/protocol.txt
[    19.492] 
X.Org X Server 1.20.0
X Protocol Version 11, Revision 0
[    19.493] Build Operating System: Linux Arch Linux
[    19.493] Current Operating System: Linux xxx 4.9.31-1-lts-max98090 #1 SMP Wed Jun 7 21:36:58 BST 2017 x86_64
[    19.493] Kernel command line: BOOT_IMAGE=/boot/vmlinuz-linux-lts-max98090 root=UUID=1ca3e8fd-47a0-4aa3-bc5c-be1af03be1c9 rw quiet
[    19.494] Build Date: 03 June 2018  06:08:22AM
[    19.494]  
[    19.494] Current version of pixman: 0.34.0
[    19.494] 	Before reporting problems, check http://wiki.x.org
	to make sure that you have the latest version.
[    19.494] Markers: (--) probed, (**) from config file, (==) default setting,
	(++) from command line, (!!) notice, (II) informational,
	(WW) warning, (EE) error, (NI) not implemented, (??) unknown.
[    19.496] (==) Log file: "/home/daniel/.local/share/xorg/Xorg.0.log", Time: Fri Jun 15 06:01:50 2018
[    19.506] (==) Using system config directory "/usr/share/X11/xorg.conf.d"
[    19.507] (==) No Layout section.  Using the first Screen section.
[    19.507] (==) No screen section available. Using defaults.
[    19.507] (**) |-->Screen "Default Screen Section" (0)
[    19.507] (**) |   |-->Monitor "<default monitor>"
[    19.508] (==) No monitor specified for screen "Default Screen Section".
	Using a default monitor configuration.
[    19.508] (==) Automatically adding devices
[    19.508] (==) Automatically enabling devices
[    19.508] (==) Automatically adding GPU devices
[    19.508] (==) Automatically binding GPU devices
[    19.508] (==) Max clients allowed: 256, resource mask: 0x1fffff
[    19.516] (WW) The directory "/usr/share/fonts/OTF" does not exist.
[    19.516] 	Entry deleted from font path.
[    19.516] (WW) The directory "/usr/share/fonts/Type1" does not exist.
[    19.516] 	Entry deleted from font path.
[    19.517] (WW) The directory "/usr/share/fonts/100dpi" does not exist.
[    19.517] 	Entry deleted from font path.
[    19.517] (WW) The directory "/usr/share/fonts/75dpi" does not exist.
[    19.517] 	Entry deleted from font path.
[    19.517] (==) FontPath set to:
	/usr/share/fonts/misc,
	/usr/share/fonts/TTF
[    19.517] (==) ModulePath set to "/usr/lib/xorg/modules"
[    19.517] (II) The server relies on udev to provide the list of input devices.
	If no devices become available, reconfigure udev or disable AutoAddDevices.
[    19.517] (II) Module ABI versions:
[    19.517] 	X.Org ANSI C Emulation: 0.4
[    19.517] 	X.Org Video Driver: 24.0
[    19.517] 	X.Org XInput driver : 24.1
[    19.517] 	X.Org Server Extension : 10.0
[    19.519] (++) using VT number 1

[    19.525] (II) systemd-logind: took control of session /org/freedesktop/login1/session/c1
[    19.527] (II) xfree86: Adding drm device (/dev/dri/card0)
[    19.530] (II) systemd-logind: got fd for /dev/dri/card0 226:0 fd 10 paused 0
[    19.534] (--) PCI:*(0@0:2:0) 8086:0f31:8086:0f31 rev 14, Mem @ 0xd0000000/4194304, 0xc0000000/268435456, I/O @ 0x00001000/8, BIOS @ 0x????????/131072
[    19.535] (WW) Open ACPI failed (/var/run/acpid.socket) (No such file or directory)
[    19.535] (II) LoadModule: "glx"
[    19.537] (II) Loading /usr/lib/xorg/modules/extensions/libglx.so
[    19.553] (II) Module glx: vendor="X.Org Foundation"
[    19.553] 	compiled for 1.20.0, module version = 1.0.0
[    19.554] 	ABI class: X.Org Server Extension, version 10.0
[    19.554] (==) Matched intel as autoconfigured driver 0
[    19.554] (==) Matched modesetting as autoconfigured driver 1
[    19.554] (==) Matched fbdev as autoconfigured driver 2
[    19.554] (==) Matched vesa as autoconfigured driver 3
[    19.554] (==) Assigned the driver to the xf86ConfigLayout
[    19.554] (II) LoadModule: "intel"
[    19.555] (II) Loading /usr/lib/xorg/modules/drivers/intel_drv.so
[    19.562] (II) Module intel: vendor="X.Org Foundation"
[    19.562] 	compiled for 1.20.0, module version = 2.99.917
[    19.562] 	Module class: X.Org Video Driver
[    19.562] 	ABI class: X.Org Video Driver, version 24.0
[    19.562] (II) LoadModule: "modesetting"
[    19.562] (II) Loading /usr/lib/xorg/modules/drivers/modesetting_drv.so
[    19.567] (II) Module modesetting: vendor="X.Org Foundation"
[    19.567] 	compiled for 1.20.0, module version = 1.20.0
[    19.567] 	Module class: X.Org Video Driver
[    19.567] 	ABI class: X.Org Video Driver, version 24.0
[    19.567] (II) LoadModule: "fbdev"
[    19.568] (WW) Warning, couldn't open module fbdev
[    19.568] (EE) Failed to load module "fbdev" (module does not exist, 0)
[    19.568] (II) LoadModule: "vesa"
[    19.568] (WW) Warning, couldn't open module vesa
[    19.568] (EE) Failed to load module "vesa" (module does not exist, 0)
[    19.568] (II) intel: Driver for Intel(R) Integrated Graphics Chipsets:
	i810, i810-dc100, i810e, i815, i830M, 845G, 854, 852GM/855GM, 865G,
	915G, E7221 (i915), 915GM, 945G, 945GM, 945GME, Pineview GM,
	Pineview G, 965G, G35, 965Q, 946GZ, 965GM, 965GME/GLE, G33, Q35, Q33,
	GM45, 4 Series, G45/G43, Q45/Q43, G41, B43
[    19.569] (II) intel: Driver for Intel(R) HD Graphics
[    19.569] (II) intel: Driver for Intel(R) Iris(TM) Graphics
[    19.569] (II) intel: Driver for Intel(R) Iris(TM) Pro Graphics
[    19.569] (II) modesetting: Driver for Modesetting Kernel Drivers: kms
[    19.570] xf86EnableIOPorts: failed to set IOPL for I/O (Operation not permitted)
[    19.571] (II) intel(0): Using Kernel Mode Setting driver: i915, version 1.6.0 20160919
[    19.571] (II) intel(0): SNA compiled from 2.99.917-831-ge7bfc906
[    19.573] (WW) Falling back to old probe method for modesetting
[    19.573] (WW) VGA arbiter: cannot open kernel arbiter, no multi-card support
[    19.574] (--) intel(0): Integrated Graphics Chipset: Intel(R) HD Graphics
[    19.574] (--) intel(0): CPU: x86-64, sse2, sse3, ssse3, sse4.1, sse4.2; using a maximum of 2 threads
[    19.575] (II) intel(0): Creating default Display subsection in Screen section
	"Default Screen Section" for depth/fbbpp 24/32
[    19.575] (==) intel(0): Depth 24, (--) framebuffer bpp 32
[    19.575] (==) intel(0): RGB weight 888
[    19.575] (==) intel(0): Default visual is TrueColor
[    19.576] (II) intel(0): Output eDP1 has no monitor section
[    19.577] (**) intel(0): Found backlight control interface intel_backlight (type 'raw') for output eDP1
[    19.577] (II) intel(0): Enabled output eDP1
[    19.577] (II) intel(0): Output DP1 has no monitor section
[    19.578] (II) intel(0): Enabled output DP1
[    19.578] (II) intel(0): Output HDMI1 has no monitor section
[    19.578] (II) intel(0): Enabled output HDMI1
[    19.578] (--) intel(0): Using a maximum size of 256x256 for hardware cursors
[    19.578] (II) intel(0): Output VIRTUAL1 has no monitor section
[    19.578] (II) intel(0): Enabled output VIRTUAL1
[    19.579] (--) intel(0): Output eDP1 using initial mode 1366x768 on pipe 0
[    19.579] (==) intel(0): TearFree disabled
[    19.579] (==) intel(0): Using gamma correction (1.0, 1.0, 1.0)
[    19.579] (==) intel(0): DPI set to (96, 96)
[    19.579] (II) Loading sub module "dri3"
[    19.579] (II) LoadModule: "dri3"
[    19.579] (II) Module "dri3" already built-in
[    19.579] (II) Loading sub module "dri2"
[    19.579] (II) LoadModule: "dri2"
[    19.579] (II) Module "dri2" already built-in
[    19.579] (II) Loading sub module "present"
[    19.579] (II) LoadModule: "present"
[    19.579] (II) Module "present" already built-in
[    19.579] (II) UnloadModule: "modesetting"
[    19.579] (II) Unloading modesetting
[    19.584] (II) intel(0): SNA initialized with Baytrail (gen7) backend
[    19.584] (==) intel(0): Backing store enabled
[    19.584] (==) intel(0): Silken mouse disabled
[    19.584] (II) intel(0): HW Cursor enabled
[    19.586] (==) intel(0): DPMS enabled
[    19.586] (==) intel(0): Display hotplug detection enabled
[    19.586] (II) intel(0): [DRI2] Setup complete
[    19.586] (II) intel(0): [DRI2]   DRI driver: i965
[    19.586] (II) intel(0): [DRI2]   VDPAU driver: va_gl
[    19.586] (II) intel(0): direct rendering: DRI2 DRI3 enabled
[    19.586] (II) intel(0): hardware support for Present enabled
[    19.586] (II) Initializing extension Generic Event Extension
[    19.586] (II) Initializing extension SHAPE
[    19.586] (II) Initializing extension MIT-SHM
[    19.586] (II) Initializing extension XInputExtension
[    19.586] (II) Initializing extension XTEST
[    19.587] (II) Initializing extension BIG-REQUESTS
[    19.587] (II) Initializing extension SYNC
[    19.587] (II) Initializing extension XKEYBOARD
[    19.587] (II) Initializing extension XC-MISC
[    19.587] (II) Initializing extension SECURITY
[    19.587] (II) Initializing extension XFIXES
[    19.587] (II) Initializing extension RENDER
[    19.587] (II) Initializing extension RANDR
[    19.587] (II) Initializing extension COMPOSITE
[    19.587] (II) Initializing extension DAMAGE
[    19.587] (II) Initializing extension MIT-SCREEN-SAVER
[    19.587] (II) Initializing extension DOUBLE-BUFFER
[    19.587] (II) Initializing extension RECORD
[    19.587] (II) Initializing extension DPMS
[    19.587] (II) Initializing extension Present
[    19.587] (II) Initializing extension DRI3
[    19.587] (II) Initializing extension X-Resource
[    19.587] (II) Initializing extension XVideo
[    19.587] (II) Initializing extension XVideo-MotionCompensation
[    19.587] (II) Initializing extension GLX
[    19.666] (II) AIGLX: Loaded and initialized i965
[    19.666] (II) GLX: Initialized DRI2 GL provider for screen 0
[    19.666] (II) Initializing extension XFree86-VidModeExtension
[    19.666] (II) Initializing extension XFree86-DGA
[    19.666] (II) Initializing extension XFree86-DRI
[    19.666] (II) Initializing extension DRI2
[    19.672] (II) intel(0): switch to mode 1366x768@60.0 on eDP1 using pipe 0, position (0, 0), rotation normal, reflection none
[    19.677] (II) intel(0): Setting screen physical size to 361 x 203
[    19.795] (II) config/udev: Adding input device Power Button (/dev/input/event5)
[    19.795] (**) Power Button: Applying InputClass "libinput keyboard catchall"
[    19.795] (II) LoadModule: "libinput"
[    19.795] (II) Loading /usr/lib/xorg/modules/input/libinput_drv.so
[    19.807] (II) Module libinput: vendor="X.Org Foundation"
[    19.807] 	compiled for 1.19.6, module version = 0.27.1
[    19.807] 	Module class: X.Org XInput Driver
[    19.807] 	ABI class: X.Org XInput driver, version 24.1
[    19.807] (II) Using input driver 'libinput' for 'Power Button'
[    19.809] (II) systemd-logind: got fd for /dev/input/event5 13:69 fd 15 paused 0
[    19.809] (**) Power Button: always reports core events
[    19.809] (**) Option "Device" "/dev/input/event5"
[    19.809] (**) Option "_source" "server/udev"
[    19.810] (II) event5  - Power Button: is tagged by udev as: Keyboard
[    19.810] (II) event5  - Power Button: device is a keyboard
[    19.810] (II) event5  - Power Button: device removed
[    19.810] (**) Option "config_info" "udev:/sys/devices/LNXSYSTM:00/LNXPWRBN:00/input/input5/event5"
[    19.811] (II) XINPUT: Adding extended input device "Power Button" (type: KEYBOARD, id 6)
[    19.812] (II) event5  - Power Button: is tagged by udev as: Keyboard
[    19.812] (II) event5  - Power Button: device is a keyboard
[    19.814] (II) config/udev: Adding input device Power Button (/dev/input/event2)
[    19.814] (**) Power Button: Applying InputClass "libinput keyboard catchall"
[    19.814] (II) Using input driver 'libinput' for 'Power Button'
[    19.816] (II) systemd-logind: got fd for /dev/input/event2 13:66 fd 18 paused 0
[    19.816] (**) Power Button: always reports core events
[    19.816] (**) Option "Device" "/dev/input/event2"
[    19.816] (**) Option "_source" "server/udev"
[    19.817] (II) event2  - Power Button: is tagged by udev as: Keyboard
[    19.817] (II) event2  - Power Button: device is a keyboard
[    19.817] (II) event2  - Power Button: device removed
[    19.817] (**) Option "config_info" "udev:/sys/devices/LNXSYSTM:00/LNXSYBUS:00/PNP0C0C:00/input/input2/event2"
[    19.818] (II) XINPUT: Adding extended input device "Power Button" (type: KEYBOARD, id 7)
[    19.819] (II) event2  - Power Button: is tagged by udev as: Keyboard
[    19.819] (II) event2  - Power Button: device is a keyboard
[    19.820] (II) config/udev: Adding input device Lid Switch (/dev/input/event1)
[    19.820] (II) No input driver specified, ignoring this device.
[    19.820] (II) This device may have been added with another device file.
[    19.821] (II) config/udev: Adding input device Sleep Button (/dev/input/event3)
[    19.821] (**) Sleep Button: Applying InputClass "libinput keyboard catchall"
[    19.821] (II) Using input driver 'libinput' for 'Sleep Button'
[    19.822] (II) systemd-logind: got fd for /dev/input/event3 13:67 fd 19 paused 0
[    19.823] (**) Sleep Button: always reports core events
[    19.823] (**) Option "Device" "/dev/input/event3"
[    19.823] (**) Option "_source" "server/udev"
[    19.823] (II) event3  - Sleep Button: is tagged by udev as: Keyboard
[    19.823] (II) event3  - Sleep Button: device is a keyboard
[    19.823] (II) event3  - Sleep Button: device removed
[    19.823] (**) Option "config_info" "udev:/sys/devices/LNXSYSTM:00/LNXSYBUS:00/PNP0C0E:00/input/input3/event3"
[    19.823] (II) XINPUT: Adding extended input device "Sleep Button" (type: KEYBOARD, id 8)
[    19.824] (II) event3  - Sleep Button: is tagged by udev as: Keyboard
[    19.824] (II) event3  - Sleep Button: device is a keyboard
[    19.825] (II) config/udev: Adding input device Sleep Button (/dev/input/event4)
[    19.825] (**) Sleep Button: Applying InputClass "libinput keyboard catchall"
[    19.825] (II) Using input driver 'libinput' for 'Sleep Button'
[    19.827] (II) systemd-logind: got fd for /dev/input/event4 13:68 fd 20 paused 0
[    19.827] (**) Sleep Button: always reports core events
[    19.827] (**) Option "Device" "/dev/input/event4"
[    19.827] (**) Option "_source" "server/udev"
[    19.828] (II) event4  - Sleep Button: is tagged by udev as: Keyboard
[    19.828] (II) event4  - Sleep Button: device is a keyboard
[    19.828] (II) event4  - Sleep Button: device removed
[    19.828] (**) Option "config_info" "udev:/sys/devices/LNXSYSTM:00/LNXSYBUS:00/PNP0C0E:01/input/input4/event4"
[    19.828] (II) XINPUT: Adding extended input device "Sleep Button" (type: KEYBOARD, id 9)
[    19.830] (II) event4  - Sleep Button: is tagged by udev as: Keyboard
[    19.830] (II) event4  - Sleep Button: device is a keyboard
[    19.833] (II) config/udev: Adding input device HD WebCam (/dev/input/event6)
[    19.833] (**) HD WebCam: Applying InputClass "libinput keyboard catchall"
[    19.833] (II) Using input driver 'libinput' for 'HD WebCam'
[    19.836] (II) systemd-logind: got fd for /dev/input/event6 13:70 fd 21 paused 0
[    19.836] (**) HD WebCam: always reports core events
[    19.836] (**) Option "Device" "/dev/input/event6"
[    19.836] (**) Option "_source" "server/udev"
[    19.837] (II) event6  - HD WebCam: is tagged by udev as: Keyboard
[    19.837] (II) event6  - HD WebCam: device is a keyboard
[    19.837] (II) event6  - HD WebCam: device removed
[    19.837] (**) Option "config_info" "udev:/sys/devices/pci0000:00/0000:00:14.0/usb1/1-3/1-3:1.0/input/input6/event6"
[    19.837] (II) XINPUT: Adding extended input device "HD WebCam" (type: KEYBOARD, id 10)
[    19.838] (II) event6  - HD WebCam: is tagged by udev as: Keyboard
[    19.838] (II) event6  - HD WebCam: device is a keyboard
[    19.839] (II) config/udev: Adding input device HDA Intel PCH HDMI/DP,pcm=3 (/dev/input/event10)
[    19.839] (II) No input driver specified, ignoring this device.
[    19.839] (II) This device may have been added with another device file.
[    19.840] (II) config/udev: Adding input device HDA Intel PCH HDMI/DP,pcm=7 (/dev/input/event11)
[    19.840] (II) No input driver specified, ignoring this device.
[    19.840] (II) This device may have been added with another device file.
[    19.841] (II) config/udev: Adding input device byt-max98090 Headset (/dev/input/event9)
[    19.841] (II) No input driver specified, ignoring this device.
[    19.841] (II) This device may have been added with another device file.
[    19.842] (II) config/udev: Adding input device Elan Touchpad (/dev/input/event7)
[    19.842] (**) Elan Touchpad: Applying InputClass "libinput touchpad catchall"
[    19.842] (II) Using input driver 'libinput' for 'Elan Touchpad'
[    19.844] (II) systemd-logind: got fd for /dev/input/event7 13:71 fd 22 paused 0
[    19.844] (**) Elan Touchpad: always reports core events
[    19.844] (**) Option "Device" "/dev/input/event7"
[    19.844] (**) Option "_source" "server/udev"
[    19.845] (II) event7  - Elan Touchpad: is tagged by udev as: Touchpad
[    19.845] (II) event7  - Elan Touchpad: device is a touchpad
[    19.845] (II) event7  - Elan Touchpad: device removed
[    19.845] (**) Option "config_info" "udev:/sys/devices/platform/80860F41:00/i2c-0/i2c-ELAN0000:00/input/input7/event7"
[    19.845] (II) XINPUT: Adding extended input device "Elan Touchpad" (type: TOUCHPAD, id 11)
[    19.845] (**) Option "AccelerationScheme" "none"
[    19.846] (**) Elan Touchpad: (accel) selected scheme none/0
[    19.846] (**) Elan Touchpad: (accel) acceleration factor: 2.000
[    19.846] (**) Elan Touchpad: (accel) acceleration threshold: 4
[    19.846] (II) event7  - Elan Touchpad: is tagged by udev as: Touchpad
[    19.847] (II) event7  - Elan Touchpad: device is a touchpad
[    19.847] (II) config/udev: Adding input device Elan Touchpad (/dev/input/mouse0)
[    19.847] (II) No input driver specified, ignoring this device.
[    19.847] (II) This device may have been added with another device file.
[    19.848] (II) config/udev: Adding input device AT Translated Set 2 keyboard (/dev/input/event0)
[    19.848] (**) AT Translated Set 2 keyboard: Applying InputClass "libinput keyboard catchall"
[    19.848] (II) Using input driver 'libinput' for 'AT Translated Set 2 keyboard'
[    19.850] (II) systemd-logind: got fd for /dev/input/event0 13:64 fd 23 paused 0
[    19.850] (**) AT Translated Set 2 keyboard: always reports core events
[    19.850] (**) Option "Device" "/dev/input/event0"
[    19.850] (**) Option "_source" "server/udev"
[    19.851] (II) event0  - AT Translated Set 2 keyboard: is tagged by udev as: Keyboard
[    19.851] (II) event0  - AT Translated Set 2 keyboard: device is a keyboard
[    19.851] (II) event0  - AT Translated Set 2 keyboard: device removed
[    19.851] (**) Option "config_info" "udev:/sys/devices/platform/i8042/serio0/input/input0/event0"
[    19.852] (II) XINPUT: Adding extended input device "AT Translated Set 2 keyboard" (type: KEYBOARD, id 12)
[    19.853] (II) event0  - AT Translated Set 2 keyboard: is tagged by udev as: Keyboard
[    19.853] (II) event0  - AT Translated Set 2 keyboard: device is a keyboard
[    19.854] (II) config/udev: Adding input device PC Speaker (/dev/input/event8)
[    19.854] (II) No input driver specified, ignoring this device.
[    19.854] (II) This device may have been added with another device file.
[    20.215] (II) intel(0): EDID vendor "AUO", prod id 16476
[    20.215] (II) intel(0): Printing DDC gathered Modelines:
[    20.215] (II) intel(0): Modeline "1366x768"x0.0   69.30  1366 1414 1446 1456  768 772 778 793 -hsync -vsync (47.6 kHz eP)
