[   517.975] (WW) Failed to open protocol names file lib/xorg/protocol.txt
[   517.976] 
X.Org X Server 1.20.0
X Protocol Version 11, Revision 0
[   517.976] Build Operating System: Linux Arch Linux
[   517.976] Current Operating System: Linux xxx 4.9.31-1-lts-max98090 #1 SMP Wed Jun 7 21:36:58 BST 2017 x86_64
[   517.976] Kernel command line: BOOT_IMAGE=/boot/vmlinuz-linux-lts-max98090 root=UUID=1ca3e8fd-47a0-4aa3-bc5c-be1af03be1c9 rw quiet
[   517.976] Build Date: 16 May 2018  05:24:07PM
[   517.976]  
[   517.976] Current version of pixman: 0.34.0
[   517.976] 	Before reporting problems, check http://wiki.x.org
	to make sure that you have the latest version.
[   517.976] Markers: (--) probed, (**) from config file, (==) default setting,
	(++) from command line, (!!) notice, (II) informational,
	(WW) warning, (EE) error, (NI) not implemented, (??) unknown.
[   517.976] (==) Log file: "/home/daniel/.local/share/xorg/Xorg.1.log", Time: Thu May 24 00:01:53 2018
[   517.977] (==) Using system config directory "/usr/share/X11/xorg.conf.d"
[   517.977] (==) No Layout section.  Using the first Screen section.
[   517.977] (==) No screen section available. Using defaults.
[   517.977] (**) |-->Screen "Default Screen Section" (0)
[   517.977] (**) |   |-->Monitor "<default monitor>"
[   517.978] (==) No monitor specified for screen "Default Screen Section".
	Using a default monitor configuration.
[   517.978] (==) Automatically adding devices
[   517.979] (==) Automatically enabling devices
[   517.979] (==) Automatically adding GPU devices
[   517.979] (==) Automatically binding GPU devices
[   517.979] (==) Max clients allowed: 256, resource mask: 0x1fffff
[   517.979] (WW) The directory "/usr/share/fonts/OTF" does not exist.
[   517.979] 	Entry deleted from font path.
[   517.979] (WW) The directory "/usr/share/fonts/Type1" does not exist.
[   517.979] 	Entry deleted from font path.
[   517.979] (WW) The directory "/usr/share/fonts/100dpi" does not exist.
[   517.979] 	Entry deleted from font path.
[   517.979] (WW) The directory "/usr/share/fonts/75dpi" does not exist.
[   517.979] 	Entry deleted from font path.
[   517.979] (==) FontPath set to:
	/usr/share/fonts/misc,
	/usr/share/fonts/TTF
[   517.979] (==) ModulePath set to "/usr/lib/xorg/modules"
[   517.979] (II) The server relies on udev to provide the list of input devices.
	If no devices become available, reconfigure udev or disable AutoAddDevices.
[   517.979] (II) Module ABI versions:
[   517.979] 	X.Org ANSI C Emulation: 0.4
[   517.979] 	X.Org Video Driver: 24.0
[   517.979] 	X.Org XInput driver : 24.1
[   517.979] 	X.Org Server Extension : 10.0
[   517.982] (EE) systemd-logind: TakeControl failed: Device or resource busy
[   517.983] (II) xfree86: Adding drm device (/dev/dri/card0)
[   517.984] (EE) /dev/dri/card0: failed to set DRM interface version 1.4: Permission denied
[   517.985] (--) PCI:*(0@0:2:0) 8086:0f31:8086:0f31 rev 14, Mem @ 0xd0000000/4194304, 0xc0000000/268435456, I/O @ 0x00001000/8, BIOS @ 0x????????/131072
[   517.985] (WW) Open ACPI failed (/var/run/acpid.socket) (No such file or directory)
[   517.986] (II) LoadModule: "glx"
[   517.986] (II) Loading /usr/lib/xorg/modules/extensions/libglx.so
[   517.988] (II) Module glx: vendor="X.Org Foundation"
[   517.988] 	compiled for 1.20.0, module version = 1.0.0
[   517.988] 	ABI class: X.Org Server Extension, version 10.0
[   517.988] (==) Matched intel as autoconfigured driver 0
[   517.988] (==) Matched modesetting as autoconfigured driver 1
[   517.988] (==) Matched fbdev as autoconfigured driver 2
[   517.988] (==) Matched vesa as autoconfigured driver 3
[   517.988] (==) Assigned the driver to the xf86ConfigLayout
[   517.988] (II) LoadModule: "intel"
[   517.988] (II) Loading /usr/lib/xorg/modules/drivers/intel_drv.so
[   517.989] (II) Module intel: vendor="X.Org Foundation"
[   517.989] 	compiled for 1.20.0, module version = 2.99.917
[   517.989] 	Module class: X.Org Video Driver
[   517.989] 	ABI class: X.Org Video Driver, version 24.0
[   517.989] (II) LoadModule: "modesetting"
[   517.989] (II) Loading /usr/lib/xorg/modules/drivers/modesetting_drv.so
[   517.990] (II) Module modesetting: vendor="X.Org Foundation"
[   517.990] 	compiled for 1.20.0, module version = 1.20.0
[   517.990] 	Module class: X.Org Video Driver
[   517.990] 	ABI class: X.Org Video Driver, version 24.0
[   517.990] (II) LoadModule: "fbdev"
[   517.990] (WW) Warning, couldn't open module fbdev
[   517.990] (EE) Failed to load module "fbdev" (module does not exist, 0)
[   517.990] (II) LoadModule: "vesa"
[   517.990] (WW) Warning, couldn't open module vesa
[   517.990] (EE) Failed to load module "vesa" (module does not exist, 0)
[   517.990] (II) intel: Driver for Intel(R) Integrated Graphics Chipsets:
	i810, i810-dc100, i810e, i815, i830M, 845G, 854, 852GM/855GM, 865G,
	915G, E7221 (i915), 915GM, 945G, 945GM, 945GME, Pineview GM,
	Pineview G, 965G, G35, 965Q, 946GZ, 965GM, 965GME/GLE, G33, Q35, Q33,
	GM45, 4 Series, G45/G43, Q45/Q43, G41, B43
[   517.991] (II) intel: Driver for Intel(R) HD Graphics
[   517.991] (II) intel: Driver for Intel(R) Iris(TM) Graphics
[   517.991] (II) intel: Driver for Intel(R) Iris(TM) Pro Graphics
[   517.991] (II) modesetting: Driver for Modesetting Kernel Drivers: kms
[   517.991] (EE) 
Fatal server error:
[   517.991] (EE) parse_vt_settings: Cannot open /dev/tty0 (Permission denied)
[   517.991] (EE) 
[   517.991] (EE) 
Please consult the The X.Org Foundation support 
	 at http://wiki.x.org
 for help. 
[   517.991] (EE) Please also check the log file at "/home/daniel/.local/share/xorg/Xorg.1.log" for additional information.
[   517.991] (EE) 
[   517.991] (WW) xf86CloseConsole: KDSETMODE failed: Bad file descriptor
[   517.991] (WW) xf86CloseConsole: VT_GETMODE failed: Bad file descriptor
[   517.991] (EE) Server terminated with error (1). Closing log file.
